<?xml version="1.0" encoding="UTF-8"?>
<!-- Generated by org.testng.reporters.JUnitXMLReporter -->
<testsuite hostname="NILAMMA-W10" name="Test" tests="2" failures="0" timestamp="17 Mar 2021 06:10:37 GMT" time="1029.92" errors="0">
  <testcase name="TS001_VerifyHomePageTest" time="131.833" classname="crmframework.crmAutomation.ContactPageTest"/>
  <testcase name="TS017_VerifyMandatoryFieldsOnContactFormTest" time="862.619" classname="crmframework.crmAutomation.ContactPageTest"/>
</testsuite> <!-- Test -->
