<?xml version="1.0" encoding="UTF-8"?>
<!-- Generated by org.testng.reporters.JUnitXMLReporter -->
<testsuite hostname="aidtyaun-w10" name="Test" tests="2" failures="0" timestamp="7 Apr 2021 08:51:46 GMT" time="281.18" errors="0">
  <testcase name="TS001_VerifyHomePageTest" time="113.355" classname="crmframework.crmAutomation.ListManagementPageTest"/>
  <testcase name="TS002_VerifyExportToExcelListsTest" time="159.415" classname="crmframework.crmAutomation.ListManagementPageTest"/>
</testsuite> <!-- Test -->
