<?xml version="1.0" encoding="UTF-8"?>
<!-- Generated by org.testng.reporters.JUnitXMLReporter -->
<testsuite hostname="shradhama-w10" name="Test" tests="2" failures="1" timestamp="15 Mar 2021 09:39:07 GMT" time="157.716" errors="0">
  <testcase name="TS001_VerifyHomePageTest" time="87.421" classname="crmframework.crmAutomation.ContactPageTest"/>
  <testcase name="TS011_VerifyAssociatedListsSectionContactTest" time="66.014" classname="crmframework.crmAutomation.ContactPageTest">
    <failure type="org.openqa.selenium.TimeoutException" message="Expected condition failed: waiting for visibility of element located by By.xpath: //button[@dfata-id = &amp;apos;xxc_listmember|NoRelationship|SubGridStandard|Mscrm.SubGrid.xxc_listmember.RefreshButton&amp;apos;] (tried for 20 second(s) with 500 MILLISECONDS interval)">
      <![CDATA[org.openqa.selenium.TimeoutException: Expected condition failed: waiting for visibility of element located by By.xpath: //button[@dfata-id = 'xxc_listmember|NoRelationship|SubGridStandard|Mscrm.SubGrid.xxc_listmember.RefreshButton'] (tried for 20 second(s) with 500 MILLISECONDS interval)
	at org.openqa.selenium.support.ui.WebDriverWait.timeoutException(WebDriverWait.java:80)
	at org.openqa.selenium.support.ui.FluentWait.until(FluentWait.java:232)
	at pageObjects.CRMContactPage.getscrolltolistdetails(CRMContactPage.java:695)
	at crmframework.crmAutomation.ContactPageTest.TS011_VerifyAssociatedListsSectionContactTest(ContactPageTest.java:947)
Caused by: org.openqa.selenium.NoSuchElementException: Cannot locate an element using By.xpath: //button[@dfata-id = 'xxc_listmember|NoRelationship|SubGridStandard|Mscrm.SubGrid.xxc_listmember.RefreshButton']
For documentation on this error, please visit: http://seleniumhq.org/exceptions/no_such_element.html
Build info: version: '3.4.0', revision: 'unknown', time: 'unknown'
System info: host: 'SHRADHAMA-W10', ip: '172.27.182.74', os.name: 'Windows 10', os.arch: 'amd64', os.version: '10.0', java.version: '1.8.0_161'
Driver info: driver.version: unknown
	at org.openqa.selenium.support.ui.ExpectedConditions.lambda$findElement$0(ExpectedConditions.java:883)
	at java.util.Optional.orElseThrow(Unknown Source)
	at org.openqa.selenium.support.ui.ExpectedConditions.findElement(ExpectedConditions.java:882)
	at org.openqa.selenium.support.ui.ExpectedConditions.access$000(ExpectedConditions.java:44)
	at org.openqa.selenium.support.ui.ExpectedConditions$7.apply(ExpectedConditions.java:206)
	at org.openqa.selenium.support.ui.ExpectedConditions$7.apply(ExpectedConditions.java:202)
	at org.openqa.selenium.support.ui.FluentWait.until(FluentWait.java:209)
	... 26 more
... Removed 24 stack frames]]>
    </failure>
  </testcase> <!-- TS011_VerifyAssociatedListsSectionContactTest -->
</testsuite> <!-- Test -->
