<?xml version="1.0" encoding="UTF-8"?>
<!-- Generated by org.testng.reporters.JUnitXMLReporter -->
<testsuite hostname="NILAMMA-W10" name="Test" tests="2" failures="1" timestamp="15 Mar 2021 10:23:33 GMT" time="246.204" errors="0">
  <testcase name="TS001_VerifyHomePageTest" time="106.561" classname="crmframework.crmAutomation.ContactPageTest"/>
  <testcase name="TS013_ManualFail_VerifyContactMarketRecordProfile_Declined" time="130.704" classname="crmframework.crmAutomation.ContactPageTest">
    <failure type="org.openqa.selenium.TimeoutException" message="Expected condition failed: waiting for visibility of element located by By.xpath: //div[@data-lp-id=&amp;apos;MscrmControls.Grid.ReadOnlyGrid|ContactMarketProfile|contact|3f6c1e66-6002-ea11-a811-000d3a36886f|xxc_contactmarketprofile|xxc_contact_xxc_contactmarketprofile_Contactid|cc-grid|cc-grid-cell|cell-0-2&amp;apos;] (tried for 15 second(s) with 500 MILLISECONDS interval)">
      <![CDATA[org.openqa.selenium.TimeoutException: Expected condition failed: waiting for visibility of element located by By.xpath: //div[@data-lp-id='MscrmControls.Grid.ReadOnlyGrid|ContactMarketProfile|contact|3f6c1e66-6002-ea11-a811-000d3a36886f|xxc_contactmarketprofile|xxc_contact_xxc_contactmarketprofile_Contactid|cc-grid|cc-grid-cell|cell-0-2'] (tried for 15 second(s) with 500 MILLISECONDS interval)
	at org.openqa.selenium.support.ui.WebDriverWait.timeoutException(WebDriverWait.java:80)
	at org.openqa.selenium.support.ui.FluentWait.until(FluentWait.java:232)
	at pageObjects.CRMContactPage.getNewlyCreatedContactMarketProfileField(CRMContactPage.java:632)
	at crmframework.crmAutomation.ContactPageTest.TS013_ManualFail_VerifyContactMarketRecordProfile_Declined(ContactPageTest.java:1002)
Caused by: org.openqa.selenium.NoSuchElementException: Cannot locate an element using By.xpath: //div[@data-lp-id='MscrmControls.Grid.ReadOnlyGrid|ContactMarketProfile|contact|3f6c1e66-6002-ea11-a811-000d3a36886f|xxc_contactmarketprofile|xxc_contact_xxc_contactmarketprofile_Contactid|cc-grid|cc-grid-cell|cell-0-2']
For documentation on this error, please visit: http://seleniumhq.org/exceptions/no_such_element.html
Build info: version: '3.4.0', revision: 'unknown', time: 'unknown'
System info: host: 'NILAMMA-W10', ip: '192.168.68.2', os.name: 'Windows 10', os.arch: 'amd64', os.version: '10.0', java.version: '1.8.0_161'
Driver info: driver.version: unknown
	at org.openqa.selenium.support.ui.ExpectedConditions.lambda$findElement$0(ExpectedConditions.java:883)
	at java.util.Optional.orElseThrow(Unknown Source)
	at org.openqa.selenium.support.ui.ExpectedConditions.findElement(ExpectedConditions.java:882)
	at org.openqa.selenium.support.ui.ExpectedConditions.access$000(ExpectedConditions.java:44)
	at org.openqa.selenium.support.ui.ExpectedConditions$7.apply(ExpectedConditions.java:206)
	at org.openqa.selenium.support.ui.ExpectedConditions$7.apply(ExpectedConditions.java:202)
	at org.openqa.selenium.support.ui.FluentWait.until(FluentWait.java:209)
	... 26 more
... Removed 24 stack frames]]>
    </failure>
  </testcase> <!-- TS013_ManualFail_VerifyContactMarketRecordProfile_Declined -->
</testsuite> <!-- Test -->
