<?xml version="1.0" encoding="UTF-8"?>
<!-- Generated by org.testng.reporters.JUnitXMLReporter -->
<testsuite hostname="aidtyaun-w10" name="Test" tests="2" failures="0" timestamp="9 Apr 2021 14:04:27 GMT" time="243.005" errors="0">
  <testcase name="TS001_VerifyHomePageTest" time="192.046" classname="crmframework.crmAutomation.ListManagementPageTest"/>
  <testcase name="TS004_VerifyCreateNewListTest" time="47.002" classname="crmframework.crmAutomation.ListManagementPageTest"/>
</testsuite> <!-- Test -->
