<?xml version="1.0" encoding="UTF-8"?>
<!-- Generated by org.testng.reporters.JUnitXMLReporter -->
<testsuite hostname="NILAMMA-W10" name="Test" tests="2" failures="0" timestamp="23 Apr 2021 10:17:49 GMT" time="187.877" errors="0">
  <testcase name="TS001_VerifyHomePageTest" time="133.534" classname="crmframework.crmAutomation.PhoneCallMarketOutcomePageTest"/>
  <testcase name="TS002_VerifyAllPhoneCallsByOwnerTest" time="42.862" classname="crmframework.crmAutomation.PhoneCallMarketOutcomePageTest"/>
</testsuite> <!-- Test -->
