<?xml version="1.0" encoding="UTF-8"?>
<!-- Generated by org.testng.reporters.JUnitXMLReporter -->
<testsuite hostname="NILAMMA-W10" name="Test" tests="2" failures="0" timestamp="11 Mar 2021 07:32:18 GMT" time="172.99" errors="0">
  <testcase name="TS001_VerifyHomePageTest" time="108.797" classname="crmframework.crmAutomation.ContactPageTest"/>
  <testcase name="TS008_VerifyAddNewTaskFromTimelineToContactTest" time="58.197" classname="crmframework.crmAutomation.ContactPageTest"/>
</testsuite> <!-- Test -->
