<?xml version="1.0" encoding="UTF-8"?>
<!-- Generated by org.testng.reporters.JUnitXMLReporter -->
<testsuite hostname="NILAMMA-W10" name="Test" tests="24" failures="6" timestamp="6 May 2021 07:48:19 GMT" time="2043.655" errors="0">
  <testcase name="TS001_VerifyHomePageTest" time="103.613" classname="crmframework.crmAutomation.ContactPageTest"/>
  <testcase name="TS002_VerifyCreateNewContactTest" time="71.398" classname="crmframework.crmAutomation.ContactPageTest"/>
  <testcase name="TS003_VerifySearchContactsUsingFullNameEmailPhoneTest" time="29.541" classname="crmframework.crmAutomation.ContactPageTest"/>
  <testcase name="TS004_VerifyMarketingRelationshipOwnerContactTest" time="36.345" classname="crmframework.crmAutomation.ContactPageTest"/>
  <testcase name="TS006_VerifyContactStatusToActivateContactTest" time="61.424" classname="crmframework.crmAutomation.ContactPageTest">
    <failure type="org.openqa.selenium.TimeoutException" message="Expected condition failed: waiting for visibility of element located by By.xpath: //div[@title=&amp;apos;Do Not Call&amp;apos;] (tried for 20 second(s) with 500 MILLISECONDS interval)">
      <![CDATA[org.openqa.selenium.TimeoutException: Expected condition failed: waiting for visibility of element located by By.xpath: //div[@title='Do Not Call'] (tried for 20 second(s) with 500 MILLISECONDS interval)
	at org.openqa.selenium.support.ui.WebDriverWait.timeoutException(WebDriverWait.java:80)
	at org.openqa.selenium.support.ui.FluentWait.until(FluentWait.java:232)
	at pageObjects.CRMContactPage.getContactStatusResonForActiveContact(CRMContactPage.java:561)
	at crmframework.crmAutomation.ContactPageTest.TS006_VerifyContactStatusToActivateContactTest(ContactPageTest.java:526)
Caused by: org.openqa.selenium.NoSuchElementException: Cannot locate an element using By.xpath: //div[@title='Do Not Call']
For documentation on this error, please visit: http://seleniumhq.org/exceptions/no_such_element.html
Build info: version: '3.4.0', revision: 'unknown', time: 'unknown'
System info: host: 'NILAMMA-W10', ip: '192.168.68.2', os.name: 'Windows 10', os.arch: 'amd64', os.version: '10.0', java.version: '1.8.0_161'
Driver info: driver.version: unknown
	at org.openqa.selenium.support.ui.ExpectedConditions.lambda$findElement$0(ExpectedConditions.java:883)
	at java.util.Optional.orElseThrow(Unknown Source)
	at org.openqa.selenium.support.ui.ExpectedConditions.findElement(ExpectedConditions.java:882)
	at org.openqa.selenium.support.ui.ExpectedConditions.access$000(ExpectedConditions.java:44)
	at org.openqa.selenium.support.ui.ExpectedConditions$7.apply(ExpectedConditions.java:206)
	at org.openqa.selenium.support.ui.ExpectedConditions$7.apply(ExpectedConditions.java:202)
	at org.openqa.selenium.support.ui.FluentWait.until(FluentWait.java:209)
	... 26 more
... Removed 24 stack frames]]>
    </failure>
  </testcase> <!-- TS006_VerifyContactStatusToActivateContactTest -->
  <testcase name="TS007_VerifyAddAppointmentToContactTest" time="56.476" classname="crmframework.crmAutomation.ContactPageTest"/>
  <testcase name="TS008_VerifyAddNewTaskFromTimelineToContactTest" time="44.594" classname="crmframework.crmAutomation.ContactPageTest"/>
  <testcase name="TS009_ManualFail_VerifyDuplicateContactTest" time="51.284" classname="crmframework.crmAutomation.ContactPageTest">
    <failure type="org.openqa.selenium.NoSuchElementException" message="no such element: Unable to locate element: {&amp;quot;method&amp;quot;:&amp;quot;xpath&amp;quot;,&amp;quot;selector&amp;quot;:&amp;quot;//h1[@aria-label=&amp;apos;Duplicate records found&amp;apos;]&amp;quot;}
  (Session info: chrome=90.0.4430.93)
For documentation on this error, please visit: http://seleniumhq.org/exceptions/no_such_element.html
Build info: version: &amp;apos;3.4.0&amp;apos;, revision: &amp;apos;unknown&amp;apos;, time: &amp;apos;unknown&amp;apos;
System info: host: &amp;apos;NILAMMA-W10&amp;apos;, ip: &amp;apos;192.168.68.2&amp;apos;, os.name: &amp;apos;Windows 10&amp;apos;, os.arch: &amp;apos;amd64&amp;apos;, os.version: &amp;apos;10.0&amp;apos;, java.version: &amp;apos;1.8.0_161&amp;apos;
Driver info: org.openqa.selenium.chrome.ChromeDriver
Capabilities [{networkConnectionEnabled=false, chrome={chromedriverVersion=90.0.4430.24 (4c6d850f087da467d926e8eddb76550aed655991-refs/branch-heads/4430@{#429}), userDataDir=C:\Users\nilamma\AppData\Local\Temp\scoped_dir26568_1864351010}, timeouts={implicit=0.0, pageLoad=300000.0, script=30000.0}, pageLoadStrategy=normal, unhandledPromptBehavior=dismiss and notify, strictFileInteractability=false, platform=ANY, proxy=Proxy(), goog:chromeOptions={debuggerAddress=localhost:65299}, acceptInsecureCerts=false, browserVersion=90.0.4430.93, browserName=chrome, javascriptEnabled=true, platformName=windows, setWindowRect=true, webauthn:extension:largeBlob=true, webauthn:virtualAuthenticators=true}]
Session ID: e5aa1b3aa80d372ffc7183a65d3eab0e
*** Element info: {Using=xpath, value=//h1[@aria-label=&amp;apos;Duplicate records found&amp;apos;]}">
      <![CDATA[org.openqa.selenium.NoSuchElementException: no such element: Unable to locate element: {"method":"xpath","selector":"//h1[@aria-label='Duplicate records found']"}
  (Session info: chrome=90.0.4430.93)
For documentation on this error, please visit: http://seleniumhq.org/exceptions/no_such_element.html
Build info: version: '3.4.0', revision: 'unknown', time: 'unknown'
System info: host: 'NILAMMA-W10', ip: '192.168.68.2', os.name: 'Windows 10', os.arch: 'amd64', os.version: '10.0', java.version: '1.8.0_161'
Driver info: org.openqa.selenium.chrome.ChromeDriver
Capabilities [{networkConnectionEnabled=false, chrome={chromedriverVersion=90.0.4430.24 (4c6d850f087da467d926e8eddb76550aed655991-refs/branch-heads/4430@{#429}), userDataDir=C:\Users\nilamma\AppData\Local\Temp\scoped_dir26568_1864351010}, timeouts={implicit=0.0, pageLoad=300000.0, script=30000.0}, pageLoadStrategy=normal, unhandledPromptBehavior=dismiss and notify, strictFileInteractability=false, platform=ANY, proxy=Proxy(), goog:chromeOptions={debuggerAddress=localhost:65299}, acceptInsecureCerts=false, browserVersion=90.0.4430.93, browserName=chrome, javascriptEnabled=true, platformName=windows, setWindowRect=true, webauthn:extension:largeBlob=true, webauthn:virtualAuthenticators=true}]
Session ID: e5aa1b3aa80d372ffc7183a65d3eab0e
*** Element info: {Using=xpath, value=//h1[@aria-label='Duplicate records found']}
	at org.openqa.selenium.remote.http.W3CHttpResponseCodec.createException(W3CHttpResponseCodec.java:150)
	at org.openqa.selenium.remote.http.W3CHttpResponseCodec.decode(W3CHttpResponseCodec.java:115)
	at org.openqa.selenium.remote.http.W3CHttpResponseCodec.decode(W3CHttpResponseCodec.java:45)
	at org.openqa.selenium.remote.HttpCommandExecutor.execute(HttpCommandExecutor.java:164)
	at org.openqa.selenium.remote.service.DriverCommandExecutor.execute(DriverCommandExecutor.java:82)
	at org.openqa.selenium.remote.RemoteWebDriver.execute(RemoteWebDriver.java:637)
	at org.openqa.selenium.remote.RemoteWebDriver.findElement(RemoteWebDriver.java:410)
	at org.openqa.selenium.remote.RemoteWebDriver.findElementByXPath(RemoteWebDriver.java:509)
	at org.openqa.selenium.By$ByXPath.findElement(By.java:361)
	at org.openqa.selenium.remote.RemoteWebDriver.findElement(RemoteWebDriver.java:402)
	at pageObjects.CRMContactPage.getDuplicateRecordsPopupTitle(CRMContactPage.java:1101)
	at crmframework.crmAutomation.ContactPageTest.TS009_ManualFail_VerifyDuplicateContactTest(ContactPageTest.java:680)
... Removed 28 stack frames]]>
    </failure>
  </testcase> <!-- TS009_ManualFail_VerifyDuplicateContactTest -->
  <testcase name="TS010_VerifyAuditHistoryTabOnContactTest" time="78.82" classname="crmframework.crmAutomation.ContactPageTest"/>
  <testcase name="TS014_VerifyGroupByOptionsContactTest" time="49.419" classname="crmframework.crmAutomation.ContactPageTest"/>
  <testcase name="TS012_ManualFail_VerifyContactMarketRecordProfile_Registered" time="117.491" classname="crmframework.crmAutomation.ContactPageTest">
    <failure type="org.openqa.selenium.TimeoutException" message="Expected condition failed: waiting for visibility of element located by By.xpath: //div[@data-lp-id=&amp;apos;MscrmControls.Grid.ReadOnlyGrid|ContactMarketProfile|contact|3f6c1e66-6002-ea11-a811-000d3a36886f|xxc_contactmarketprofile|xxc_contact_xxc_contactmarketprofile_Contactid|cc-grid|cc-grid-cell|cell-0-2&amp;apos;] (tried for 15 second(s) with 500 MILLISECONDS interval)">
      <![CDATA[org.openqa.selenium.TimeoutException: Expected condition failed: waiting for visibility of element located by By.xpath: //div[@data-lp-id='MscrmControls.Grid.ReadOnlyGrid|ContactMarketProfile|contact|3f6c1e66-6002-ea11-a811-000d3a36886f|xxc_contactmarketprofile|xxc_contact_xxc_contactmarketprofile_Contactid|cc-grid|cc-grid-cell|cell-0-2'] (tried for 15 second(s) with 500 MILLISECONDS interval)
	at org.openqa.selenium.support.ui.WebDriverWait.timeoutException(WebDriverWait.java:80)
	at org.openqa.selenium.support.ui.FluentWait.until(FluentWait.java:232)
	at pageObjects.CRMContactPage.getNewlyCreatedContactMarketProfileField(CRMContactPage.java:696)
	at crmframework.crmAutomation.ContactPageTest.TS012_ManualFail_VerifyContactMarketRecordProfile_Registered(ContactPageTest.java:900)
Caused by: org.openqa.selenium.NoSuchElementException: Cannot locate an element using By.xpath: //div[@data-lp-id='MscrmControls.Grid.ReadOnlyGrid|ContactMarketProfile|contact|3f6c1e66-6002-ea11-a811-000d3a36886f|xxc_contactmarketprofile|xxc_contact_xxc_contactmarketprofile_Contactid|cc-grid|cc-grid-cell|cell-0-2']
For documentation on this error, please visit: http://seleniumhq.org/exceptions/no_such_element.html
Build info: version: '3.4.0', revision: 'unknown', time: 'unknown'
System info: host: 'NILAMMA-W10', ip: '192.168.68.2', os.name: 'Windows 10', os.arch: 'amd64', os.version: '10.0', java.version: '1.8.0_161'
Driver info: driver.version: unknown
	at org.openqa.selenium.support.ui.ExpectedConditions.lambda$findElement$0(ExpectedConditions.java:883)
	at java.util.Optional.orElseThrow(Unknown Source)
	at org.openqa.selenium.support.ui.ExpectedConditions.findElement(ExpectedConditions.java:882)
	at org.openqa.selenium.support.ui.ExpectedConditions.access$000(ExpectedConditions.java:44)
	at org.openqa.selenium.support.ui.ExpectedConditions$7.apply(ExpectedConditions.java:206)
	at org.openqa.selenium.support.ui.ExpectedConditions$7.apply(ExpectedConditions.java:202)
	at org.openqa.selenium.support.ui.FluentWait.until(FluentWait.java:209)
	... 26 more
... Removed 24 stack frames]]>
    </failure>
  </testcase> <!-- TS012_ManualFail_VerifyContactMarketRecordProfile_Registered -->
  <testcase name="TS013_ManualFail_VerifyContactMarketRecordProfile_Declined" time="121.874" classname="crmframework.crmAutomation.ContactPageTest">
    <failure type="org.openqa.selenium.TimeoutException" message="Expected condition failed: waiting for visibility of element located by By.xpath: //div[@data-lp-id=&amp;apos;MscrmControls.Grid.ReadOnlyGrid|ContactMarketProfile|contact|3f6c1e66-6002-ea11-a811-000d3a36886f|xxc_contactmarketprofile|xxc_contact_xxc_contactmarketprofile_Contactid|cc-grid|cc-grid-cell|cell-0-2&amp;apos;] (tried for 15 second(s) with 500 MILLISECONDS interval)">
      <![CDATA[org.openqa.selenium.TimeoutException: Expected condition failed: waiting for visibility of element located by By.xpath: //div[@data-lp-id='MscrmControls.Grid.ReadOnlyGrid|ContactMarketProfile|contact|3f6c1e66-6002-ea11-a811-000d3a36886f|xxc_contactmarketprofile|xxc_contact_xxc_contactmarketprofile_Contactid|cc-grid|cc-grid-cell|cell-0-2'] (tried for 15 second(s) with 500 MILLISECONDS interval)
	at org.openqa.selenium.support.ui.WebDriverWait.timeoutException(WebDriverWait.java:80)
	at org.openqa.selenium.support.ui.FluentWait.until(FluentWait.java:232)
	at pageObjects.CRMContactPage.getNewlyCreatedContactMarketProfileField(CRMContactPage.java:696)
	at crmframework.crmAutomation.ContactPageTest.TS013_ManualFail_VerifyContactMarketRecordProfile_Declined(ContactPageTest.java:1027)
Caused by: org.openqa.selenium.NoSuchElementException: Cannot locate an element using By.xpath: //div[@data-lp-id='MscrmControls.Grid.ReadOnlyGrid|ContactMarketProfile|contact|3f6c1e66-6002-ea11-a811-000d3a36886f|xxc_contactmarketprofile|xxc_contact_xxc_contactmarketprofile_Contactid|cc-grid|cc-grid-cell|cell-0-2']
For documentation on this error, please visit: http://seleniumhq.org/exceptions/no_such_element.html
Build info: version: '3.4.0', revision: 'unknown', time: 'unknown'
System info: host: 'NILAMMA-W10', ip: '192.168.68.2', os.name: 'Windows 10', os.arch: 'amd64', os.version: '10.0', java.version: '1.8.0_161'
Driver info: driver.version: unknown
	at org.openqa.selenium.support.ui.ExpectedConditions.lambda$findElement$0(ExpectedConditions.java:883)
	at java.util.Optional.orElseThrow(Unknown Source)
	at org.openqa.selenium.support.ui.ExpectedConditions.findElement(ExpectedConditions.java:882)
	at org.openqa.selenium.support.ui.ExpectedConditions.access$000(ExpectedConditions.java:44)
	at org.openqa.selenium.support.ui.ExpectedConditions$7.apply(ExpectedConditions.java:206)
	at org.openqa.selenium.support.ui.ExpectedConditions$7.apply(ExpectedConditions.java:202)
	at org.openqa.selenium.support.ui.FluentWait.until(FluentWait.java:209)
	... 26 more
... Removed 24 stack frames]]>
    </failure>
  </testcase> <!-- TS013_ManualFail_VerifyContactMarketRecordProfile_Declined -->
  <testcase name="TS011_VerifyAssociatedListsSectionContactTest" time="85.989" classname="crmframework.crmAutomation.ContactPageTest"/>
  <testcase name="TS015_VerifyAddNewNoteToContactTest" time="61.386" classname="crmframework.crmAutomation.ContactPageTest"/>
  <testcase name="TS016_VerifyAddNewPostToContactTest" time="42.566" classname="crmframework.crmAutomation.ContactPageTest"/>
  <testcase name="TS017_VerifyMandatoryFieldsOnContactFormTest" time="375.235" classname="crmframework.crmAutomation.ContactPageTest"/>
  <testcase name="TS018_VerifyCountryAutocompletePicklist" time="53.164" classname="crmframework.crmAutomation.ContactPageTest"/>
  <testcase name="TS019_VerifyDetailsTabOnContactTest" time="55.015" classname="crmframework.crmAutomation.ContactPageTest"/>
  <testcase name="TS020_VerifyPhoneCallOnContactTest" time="76.074" classname="crmframework.crmAutomation.ContactPageTest"/>
  <testcase name="TS021_VerifyGridFiltersContactTest" time="165.677" classname="crmframework.crmAutomation.ContactPageTest"/>
  <testcase name="TS022_VerifyUpdateContactDetailsTest" time="89.675" classname="crmframework.crmAutomation.ContactPageTest"/>
  <testcase name="TS023_VerifyToDeactivateBuyerContactTest" time="52.543" classname="crmframework.crmAutomation.ContactPageTest"/>
  <testcase name="TS005_ManualFail_VerifyJobFunctionFieldTest" time="12.156" classname="crmframework.crmAutomation.ContactPageTest">
    <failure type="java.lang.AssertionError" message="List is not in alphabetical sorting order: Lists differ at element [0]: Editorial != Blogger expected [Editorial] but found [Blogger]">
      <![CDATA[java.lang.AssertionError: List is not in alphabetical sorting order: Lists differ at element [0]: Editorial != Blogger expected [Editorial] but found [Blogger]
	at crmframework.crmAutomation.ContactPageTest.TS005_ManualFail_VerifyJobFunctionFieldTest(ContactPageTest.java:428)
... Removed 28 stack frames]]>
    </failure>
  </testcase> <!-- TS005_ManualFail_VerifyJobFunctionFieldTest -->
  <testcase name="TS024_VerifyExportToExcelTest" time="143.855" classname="crmframework.crmAutomation.ContactPageTest">
    <failure type="org.openqa.selenium.TimeoutException" message="Expected condition failed: waiting for visibility of element located by By.xpath: //button[@id =&amp;apos;contact|NoRelationship|HomePageGrid|Mscrm.HomepageGrid.contact.ExportToExcel.Menu$splitButtonId_button1$button&amp;apos;] (tried for 20 second(s) with 500 MILLISECONDS interval)">
      <![CDATA[org.openqa.selenium.TimeoutException: Expected condition failed: waiting for visibility of element located by By.xpath: //button[@id ='contact|NoRelationship|HomePageGrid|Mscrm.HomepageGrid.contact.ExportToExcel.Menu$splitButtonId_button1$button'] (tried for 20 second(s) with 500 MILLISECONDS interval)
	at org.openqa.selenium.support.ui.WebDriverWait.timeoutException(WebDriverWait.java:80)
	at org.openqa.selenium.support.ui.FluentWait.until(FluentWait.java:232)
	at pageObjects.CRMContactPage.getexporttoexcelbtn(CRMContactPage.java:599)
	at crmframework.crmAutomation.ContactPageTest.TS024_VerifyExportToExcelTest(ContactPageTest.java:782)
Caused by: org.openqa.selenium.NoSuchElementException: Cannot locate an element using By.xpath: //button[@id ='contact|NoRelationship|HomePageGrid|Mscrm.HomepageGrid.contact.ExportToExcel.Menu$splitButtonId_button1$button']
For documentation on this error, please visit: http://seleniumhq.org/exceptions/no_such_element.html
Build info: version: '3.4.0', revision: 'unknown', time: 'unknown'
System info: host: 'NILAMMA-W10', ip: '192.168.68.2', os.name: 'Windows 10', os.arch: 'amd64', os.version: '10.0', java.version: '1.8.0_161'
Driver info: driver.version: unknown
	at org.openqa.selenium.support.ui.ExpectedConditions.lambda$findElement$0(ExpectedConditions.java:883)
	at java.util.Optional.orElseThrow(Unknown Source)
	at org.openqa.selenium.support.ui.ExpectedConditions.findElement(ExpectedConditions.java:882)
	at org.openqa.selenium.support.ui.ExpectedConditions.access$000(ExpectedConditions.java:44)
	at org.openqa.selenium.support.ui.ExpectedConditions$7.apply(ExpectedConditions.java:206)
	at org.openqa.selenium.support.ui.ExpectedConditions$7.apply(ExpectedConditions.java:202)
	at org.openqa.selenium.support.ui.FluentWait.until(FluentWait.java:209)
	... 26 more
... Removed 24 stack frames]]>
    </failure>
  </testcase> <!-- TS024_VerifyExportToExcelTest -->
</testsuite> <!-- Test -->
