<?xml version="1.0" encoding="UTF-8"?>
<!-- Generated by org.testng.reporters.JUnitXMLReporter -->
<testsuite hostname="NILAMMA-W10" name="Test" tests="3" failures="0" timestamp="21 Apr 2021 09:14:50 GMT" time="298.179" errors="0">
  <testcase name="TS001_VerifyHomePageTest" time="133.742" classname="crmframework.crmAutomation.ReferenceDataPageTest"/>
  <testcase name="TS002_VerifyCampusesTest" time="79.35" classname="crmframework.crmAutomation.ReferenceDataPageTest"/>
  <testcase name="TS003_VerifySearchCampusesTest" time="37.105" classname="crmframework.crmAutomation.ReferenceDataPageTest"/>
</testsuite> <!-- Test -->
