<?xml version="1.0" encoding="UTF-8"?>
<!-- Generated by org.testng.reporters.JUnitXMLReporter -->
<testsuite hostname="NILAMMA-W10" name="Test" tests="3" failures="0" timestamp="30 Mar 2021 12:21:29 GMT" time="252.525" errors="0">
  <testcase name="TS001_VerifyHomePageTest" time="112.049" classname="crmframework.crmAutomation.PeoplePageTest"/>
  <testcase name="TS004_VerifyRelatedContactsForPeopleRecordTest" time="94.972" classname="crmframework.crmAutomation.PeoplePageTest"/>
  <testcase name="TS005_VerifyGridFiltersPeopleTest" time="38.92" classname="crmframework.crmAutomation.PeoplePageTest"/>
</testsuite> <!-- Test -->
