<?xml version="1.0" encoding="UTF-8"?>
<!-- Generated by org.testng.reporters.JUnitXMLReporter -->
<testsuite hostname="NILAMMA-W10" name="Test" tests="6" failures="5" timestamp="2 Aug 2021 13:11:36 GMT" time="524.962" errors="0">
  <testcase name="TS002_VerifyExportToExcelListsTest" time="167.078" classname="crmframework.crmAutomation.ListManagementPageTest"/>
  <testcase name="TS003_VerifyCooperativeListsAccountsViewTest" time="35.535" classname="crmframework.crmAutomation.ListManagementPageTest">
    <failure type="org.openqa.selenium.TimeoutException" message="Expected condition failed: waiting for element to be clickable: By.xpath: //div[@data-id = &amp;apos;GridRoot&amp;apos;]/div[1]/div[2]/div[1]/section[1]/div[2]/div[1]/div[1]/div[1]/div[1]/div[1]/h1[1]/div[1] (tried for 15 second(s) with 500 MILLISECONDS interval)">
      <![CDATA[org.openqa.selenium.TimeoutException: Expected condition failed: waiting for element to be clickable: By.xpath: //div[@data-id = 'GridRoot']/div[1]/div[2]/div[1]/section[1]/div[2]/div[1]/div[1]/div[1]/div[1]/div[1]/h1[1]/div[1] (tried for 15 second(s) with 500 MILLISECONDS interval)
	at org.openqa.selenium.support.ui.WebDriverWait.timeoutException(WebDriverWait.java:80)
	at org.openqa.selenium.support.ui.FluentWait.until(FluentWait.java:232)
	at pageObjects.CRMIncentiveDetailsPage.getclickarrowforactiveincentive(CRMIncentiveDetailsPage.java:172)
	at crmframework.crmAutomation.ListManagementPageTest.TS003_VerifyCooperativeListsAccountsViewTest(ListManagementPageTest.java:238)
Caused by: org.openqa.selenium.NoSuchElementException: Cannot locate an element using By.xpath: //div[@data-id = 'GridRoot']/div[1]/div[2]/div[1]/section[1]/div[2]/div[1]/div[1]/div[1]/div[1]/div[1]/h1[1]/div[1]
For documentation on this error, please visit: http://seleniumhq.org/exceptions/no_such_element.html
Build info: version: '3.4.0', revision: 'unknown', time: 'unknown'
System info: host: 'NILAMMA-W10', ip: '192.168.68.2', os.name: 'Windows 10', os.arch: 'amd64', os.version: '10.0', java.version: '1.8.0_161'
Driver info: driver.version: unknown
	at org.openqa.selenium.support.ui.ExpectedConditions.lambda$findElement$0(ExpectedConditions.java:883)
	at java.util.Optional.orElseThrow(Unknown Source)
	at org.openqa.selenium.support.ui.ExpectedConditions.findElement(ExpectedConditions.java:882)
	at org.openqa.selenium.support.ui.ExpectedConditions.access$000(ExpectedConditions.java:44)
	at org.openqa.selenium.support.ui.ExpectedConditions$7.apply(ExpectedConditions.java:206)
	at org.openqa.selenium.support.ui.ExpectedConditions$7.apply(ExpectedConditions.java:202)
	at org.openqa.selenium.support.ui.ExpectedConditions$22.apply(ExpectedConditions.java:644)
	at org.openqa.selenium.support.ui.ExpectedConditions$22.apply(ExpectedConditions.java:641)
	at org.openqa.selenium.support.ui.FluentWait.until(FluentWait.java:209)
	... 26 more
... Removed 24 stack frames]]>
    </failure>
  </testcase> <!-- TS003_VerifyCooperativeListsAccountsViewTest -->
  <testcase name="TS004_VerifyCreateNewListTest" time="43.992" classname="crmframework.crmAutomation.ListManagementPageTest">
    <failure type="org.openqa.selenium.NoSuchElementException" message="no such element: Unable to locate element: {&amp;quot;method&amp;quot;:&amp;quot;xpath&amp;quot;,&amp;quot;selector&amp;quot;:&amp;quot;//input[@id=&amp;apos;id-7ff65c21-4d68-426f-8735-20aa96d791b0-1-xxc_name8-xxc_name.fieldControl-text-box-text&amp;apos;]&amp;quot;}
  (Session info: chrome=92.0.4515.107)
For documentation on this error, please visit: http://seleniumhq.org/exceptions/no_such_element.html
Build info: version: &amp;apos;3.4.0&amp;apos;, revision: &amp;apos;unknown&amp;apos;, time: &amp;apos;unknown&amp;apos;
System info: host: &amp;apos;NILAMMA-W10&amp;apos;, ip: &amp;apos;192.168.68.2&amp;apos;, os.name: &amp;apos;Windows 10&amp;apos;, os.arch: &amp;apos;amd64&amp;apos;, os.version: &amp;apos;10.0&amp;apos;, java.version: &amp;apos;1.8.0_161&amp;apos;
Driver info: org.openqa.selenium.chrome.ChromeDriver
Capabilities [{networkConnectionEnabled=false, chrome={chromedriverVersion=92.0.4515.43 (8c61b7e2989f2990d42f859cac71319137787cce-refs/branch-heads/4515@{#306}), userDataDir=C:\Users\nilamma\AppData\Local\Temp\scoped_dir28284_1361403827}, timeouts={implicit=0.0, pageLoad=300000.0, script=30000.0}, pageLoadStrategy=normal, unhandledPromptBehavior=dismiss and notify, strictFileInteractability=false, platform=ANY, proxy=Proxy(), goog:chromeOptions={debuggerAddress=localhost:60245}, webauthn:extension:credBlob=true, acceptInsecureCerts=false, browserVersion=92.0.4515.107, browserName=chrome, javascriptEnabled=true, platformName=windows, setWindowRect=true, webauthn:extension:largeBlob=true, webauthn:virtualAuthenticators=true}]
Session ID: 5b5dd3619b2992821d4c3b24c37df572
*** Element info: {Using=xpath, value=//input[@id=&amp;apos;id-7ff65c21-4d68-426f-8735-20aa96d791b0-1-xxc_name8-xxc_name.fieldControl-text-box-text&amp;apos;]}">
      <![CDATA[org.openqa.selenium.NoSuchElementException: no such element: Unable to locate element: {"method":"xpath","selector":"//input[@id='id-7ff65c21-4d68-426f-8735-20aa96d791b0-1-xxc_name8-xxc_name.fieldControl-text-box-text']"}
  (Session info: chrome=92.0.4515.107)
For documentation on this error, please visit: http://seleniumhq.org/exceptions/no_such_element.html
Build info: version: '3.4.0', revision: 'unknown', time: 'unknown'
System info: host: 'NILAMMA-W10', ip: '192.168.68.2', os.name: 'Windows 10', os.arch: 'amd64', os.version: '10.0', java.version: '1.8.0_161'
Driver info: org.openqa.selenium.chrome.ChromeDriver
Capabilities [{networkConnectionEnabled=false, chrome={chromedriverVersion=92.0.4515.43 (8c61b7e2989f2990d42f859cac71319137787cce-refs/branch-heads/4515@{#306}), userDataDir=C:\Users\nilamma\AppData\Local\Temp\scoped_dir28284_1361403827}, timeouts={implicit=0.0, pageLoad=300000.0, script=30000.0}, pageLoadStrategy=normal, unhandledPromptBehavior=dismiss and notify, strictFileInteractability=false, platform=ANY, proxy=Proxy(), goog:chromeOptions={debuggerAddress=localhost:60245}, webauthn:extension:credBlob=true, acceptInsecureCerts=false, browserVersion=92.0.4515.107, browserName=chrome, javascriptEnabled=true, platformName=windows, setWindowRect=true, webauthn:extension:largeBlob=true, webauthn:virtualAuthenticators=true}]
Session ID: 5b5dd3619b2992821d4c3b24c37df572
*** Element info: {Using=xpath, value=//input[@id='id-7ff65c21-4d68-426f-8735-20aa96d791b0-1-xxc_name8-xxc_name.fieldControl-text-box-text']}
	at org.openqa.selenium.remote.http.W3CHttpResponseCodec.createException(W3CHttpResponseCodec.java:150)
	at org.openqa.selenium.remote.http.W3CHttpResponseCodec.decode(W3CHttpResponseCodec.java:115)
	at org.openqa.selenium.remote.http.W3CHttpResponseCodec.decode(W3CHttpResponseCodec.java:45)
	at org.openqa.selenium.remote.HttpCommandExecutor.execute(HttpCommandExecutor.java:164)
	at org.openqa.selenium.remote.service.DriverCommandExecutor.execute(DriverCommandExecutor.java:82)
	at org.openqa.selenium.remote.RemoteWebDriver.execute(RemoteWebDriver.java:637)
	at org.openqa.selenium.remote.RemoteWebDriver.findElement(RemoteWebDriver.java:410)
	at org.openqa.selenium.remote.RemoteWebDriver.findElementByXPath(RemoteWebDriver.java:509)
	at org.openqa.selenium.By$ByXPath.findElement(By.java:361)
	at org.openqa.selenium.remote.RemoteWebDriver.findElement(RemoteWebDriver.java:402)
	at pageObjects.CRMListManagementPage.getlistname(CRMListManagementPage.java:118)
	at crmframework.crmAutomation.ListManagementPageTest.TS004_VerifyCreateNewListTest(ListManagementPageTest.java:276)
... Removed 28 stack frames]]>
    </failure>
  </testcase> <!-- TS004_VerifyCreateNewListTest -->
  <testcase name="TS005_VerifyListMembersRemovedViewTest" time="35.918" classname="crmframework.crmAutomation.ListManagementPageTest">
    <failure type="org.openqa.selenium.TimeoutException" message="Expected condition failed: waiting for element to be clickable: By.xpath: //div[@data-id = &amp;apos;GridRoot&amp;apos;]/div[1]/div[2]/div[1]/section[1]/div[2]/div[1]/div[1]/div[1]/div[1]/div[1]/h1[1]/div[1] (tried for 15 second(s) with 500 MILLISECONDS interval)">
      <![CDATA[org.openqa.selenium.TimeoutException: Expected condition failed: waiting for element to be clickable: By.xpath: //div[@data-id = 'GridRoot']/div[1]/div[2]/div[1]/section[1]/div[2]/div[1]/div[1]/div[1]/div[1]/div[1]/h1[1]/div[1] (tried for 15 second(s) with 500 MILLISECONDS interval)
	at org.openqa.selenium.support.ui.WebDriverWait.timeoutException(WebDriverWait.java:80)
	at org.openqa.selenium.support.ui.FluentWait.until(FluentWait.java:232)
	at pageObjects.CRMIncentiveDetailsPage.getclickarrowforactiveincentive(CRMIncentiveDetailsPage.java:172)
	at crmframework.crmAutomation.ListManagementPageTest.TS005_VerifyListMembersRemovedViewTest(ListManagementPageTest.java:324)
Caused by: org.openqa.selenium.NoSuchElementException: Cannot locate an element using By.xpath: //div[@data-id = 'GridRoot']/div[1]/div[2]/div[1]/section[1]/div[2]/div[1]/div[1]/div[1]/div[1]/div[1]/h1[1]/div[1]
For documentation on this error, please visit: http://seleniumhq.org/exceptions/no_such_element.html
Build info: version: '3.4.0', revision: 'unknown', time: 'unknown'
System info: host: 'NILAMMA-W10', ip: '192.168.68.2', os.name: 'Windows 10', os.arch: 'amd64', os.version: '10.0', java.version: '1.8.0_161'
Driver info: driver.version: unknown
	at org.openqa.selenium.support.ui.ExpectedConditions.lambda$findElement$0(ExpectedConditions.java:883)
	at java.util.Optional.orElseThrow(Unknown Source)
	at org.openqa.selenium.support.ui.ExpectedConditions.findElement(ExpectedConditions.java:882)
	at org.openqa.selenium.support.ui.ExpectedConditions.access$000(ExpectedConditions.java:44)
	at org.openqa.selenium.support.ui.ExpectedConditions$7.apply(ExpectedConditions.java:206)
	at org.openqa.selenium.support.ui.ExpectedConditions$7.apply(ExpectedConditions.java:202)
	at org.openqa.selenium.support.ui.ExpectedConditions$22.apply(ExpectedConditions.java:644)
	at org.openqa.selenium.support.ui.ExpectedConditions$22.apply(ExpectedConditions.java:641)
	at org.openqa.selenium.support.ui.FluentWait.until(FluentWait.java:209)
	... 26 more
... Removed 24 stack frames]]>
    </failure>
  </testcase> <!-- TS005_VerifyListMembersRemovedViewTest -->
  <testcase name="TS006_ManualFail_VerifyListMemberLastAddedRemovedUpdatedTest" time="42.172" classname="crmframework.crmAutomation.ListManagementPageTest">
    <failure type="java.lang.AssertionError" message="expected [7/31/2021 3:09 AM] but found []">
      <![CDATA[java.lang.AssertionError: expected [7/31/2021 3:09 AM] but found []
	at crmframework.crmAutomation.ListManagementPageTest.TS006_ManualFail_VerifyListMemberLastAddedRemovedUpdatedTest(ListManagementPageTest.java:378)
... Removed 29 stack frames]]>
    </failure>
  </testcase> <!-- TS006_ManualFail_VerifyListMemberLastAddedRemovedUpdatedTest -->
  <testcase name="TS007_VerifyExportToExcelListMembersTest" time="68.257" classname="crmframework.crmAutomation.ListManagementPageTest">
    <failure type="java.util.NoSuchElementException">
      <![CDATA[java.util.NoSuchElementException
	at java.util.LinkedHashMap$LinkedHashIterator.nextNode(Unknown Source)
	at java.util.LinkedHashMap$LinkedKeyIterator.next(Unknown Source)
	at crmframework.crmAutomation.ListManagementPageTest.TS007_VerifyExportToExcelListMembersTest(ListManagementPageTest.java:557)
... Removed 24 stack frames]]>
    </failure>
  </testcase> <!-- TS007_VerifyExportToExcelListMembersTest -->
</testsuite> <!-- Test -->
