<?xml version="1.0" encoding="UTF-8"?>
<!-- Generated by org.testng.reporters.JUnitXMLReporter -->
<testsuite hostname="shradhama-w10" name="Test" tests="2" failures="0" timestamp="2 Apr 2021 11:25:22 GMT" time="238.18" errors="0">
  <testcase name="TS001_VerifyHomePageTest" time="106.854" classname="crmframework.crmAutomation.IncentiveDetailsPageTest"/>
  <testcase name="TS003_VerifyGroupByOptionsIncentiveDetailsTest" time="125.834" classname="crmframework.crmAutomation.IncentiveDetailsPageTest"/>
</testsuite> <!-- Test -->
