<?xml version="1.0" encoding="UTF-8"?>
<!-- Generated by org.testng.reporters.JUnitXMLReporter -->
<testsuite hostname="NILAMMA-W10" name="Test" tests="3" failures="0" timestamp="11 Mar 2021 11:56:02 GMT" time="189.067" errors="0">
  <testcase name="TS001_VerifyHomePageTest" time="106.949" classname="crmframework.crmAutomation.ContactPageTest"/>
  <testcase name="TS002_VerifyCreateNewContactTest" time="61.291" classname="crmframework.crmAutomation.ContactPageTest"/>
  <testcase name="TS009_VerifyDuplicateContactTest" time="14.852" classname="crmframework.crmAutomation.ContactPageTest"/>
</testsuite> <!-- Test -->
