<?xml version="1.0" encoding="UTF-8"?>
<!-- Generated by org.testng.reporters.JUnitXMLReporter -->
<testsuite hostname="NILAMMA-W10" name="Test" tests="2" failures="0" timestamp="23 Mar 2021 09:53:32 GMT" time="170.97" errors="0">
  <testcase name="TS001_VerifyHomePageTest" time="94.207" classname="crmframework.crmAutomation.ContactPageTest"/>
  <testcase name="TS024_VerifyAuditHistoryTabOnContactTest" time="72.138" classname="crmframework.crmAutomation.ContactPageTest"/>
</testsuite> <!-- Test -->
