<?xml version="1.0" encoding="UTF-8"?>
<!-- Generated by org.testng.reporters.JUnitXMLReporter -->
<testsuite hostname="NILAMMA-W10" name="Test" tests="2" failures="0" timestamp="10 Mar 2021 13:19:37 GMT" time="167.7" errors="0">
  <testcase name="TS001_VerifyHomePageTest" time="102.443" classname="crmframework.crmAutomation.ContactPageTest"/>
  <testcase name="TS006_VerifyContactStatusToActivateContactTest" time="59.611" classname="crmframework.crmAutomation.ContactPageTest"/>
</testsuite> <!-- Test -->
