<?xml version="1.0" encoding="UTF-8"?>
<!-- Generated by org.testng.reporters.JUnitXMLReporter -->
<testsuite hostname="shradhama-w10" name="Test" tests="2" failures="0" timestamp="15 Mar 2021 11:51:12 GMT" time="146.645" errors="0">
  <testcase name="TS001_VerifyHomePageTest" time="77.339" classname="crmframework.crmAutomation.ContactPageTest"/>
  <testcase name="TS011_VerifyAssociatedListsSectionContactTest" time="66.498" classname="crmframework.crmAutomation.ContactPageTest"/>
</testsuite> <!-- Test -->
