<?xml version="1.0" encoding="UTF-8"?>
<!-- Generated by org.testng.reporters.JUnitXMLReporter -->
<testsuite hostname="shradhama-w10" name="Test" tests="2" failures="0" timestamp="11 Mar 2021 11:24:30 GMT" time="182.057" errors="0">
  <testcase name="TS001_VerifyHomePageTest" time="94.82" classname="crmframework.crmAutomation.AccountPageTest"/>
  <testcase name="TS003_VerifyAddAppointmentToAccountTest" time="80.814" classname="crmframework.crmAutomation.AccountPageTest"/>
</testsuite> <!-- Test -->
