<?xml version="1.0" encoding="UTF-8"?>
<!-- Generated by org.testng.reporters.JUnitXMLReporter -->
<testsuite hostname="NILAMMA-W10" name="Test" tests="2" failures="0" timestamp="30 Apr 2021 09:04:34 GMT" time="256.476" errors="0">
  <testcase name="TS001_VerifyHomePageTest" time="135.273" classname="crmframework.crmAutomation.DashboardPageTest"/>
  <testcase name="TS005_VerifyMyActivitiesTest" time="112.812" classname="crmframework.crmAutomation.DashboardPageTest"/>
<testsuite hostname="shradhama-w10" name="Test" tests="2" failures="0" timestamp="28 Apr 2021 11:45:17 GMT" time="138.95" errors="0">
  <testcase name="TS001_VerifyHomePageTest" time="98.357" classname="crmframework.crmAutomation.ReferenceDataPageTest"/>
  <testcase name="TS007_VerifySearchRegionsTest" time="37.156" classname="crmframework.crmAutomation.ReferenceDataPageTest"/>
</testsuite> <!-- Test -->
