<?xml version="1.0" encoding="UTF-8"?>
<!-- Generated by org.testng.reporters.JUnitXMLReporter -->
<testsuite hostname="shradhama-w10" name="Test" tests="2" failures="0" timestamp="4 Apr 2021 14:22:02 GMT" time="144.374" errors="0">
  <testcase name="TS001_VerifyHomePageTest" time="90.133" classname="crmframework.crmAutomation.IncentiveDetailsPageTest"/>
  <testcase name="TS005_VerifyUpdateIncentiveDetailsTest" time="49.74" classname="crmframework.crmAutomation.IncentiveDetailsPageTest"/>
</testsuite> <!-- Test -->
