<?xml version="1.0" encoding="UTF-8"?>
<!-- Generated by org.testng.reporters.JUnitXMLReporter -->

<testsuite hostname="NILAMMA-W10" name="Test" tests="3" failures="0" timestamp="7 Apr 2021 05:28:18 GMT" time="353.845" errors="0">
  <testcase name="TS001_VerifyHomePageTest" time="114.526" classname="crmframework.crmAutomation.AccountPageTest"/>
  <testcase name="TS014_VerifyStateAndRegionInGridTest" time="66.243" classname="crmframework.crmAutomation.AccountPageTest"/>
  <testcase name="TS024_VerifyExportToExcelTest" time="165.314" classname="crmframework.crmAutomation.AccountPageTest"/>

<testsuite hostname="aidtyaun-w10" name="Test" tests="2" failures="0" timestamp="6 Apr 2021 13:49:10 GMT" time="184.458" errors="0">
  <testcase name="TS001_VerifyHomePageTest" time="108.925" classname="crmframework.crmAutomation.IncentiveDetailsPageTest"/>
  <testcase name="TS008_VerifyActivateInactiveIncentiveDetailsTest" time="69.512" classname="crmframework.crmAutomation.IncentiveDetailsPageTest"/>

</testsuite> <!-- Test -->
