<?xml version="1.0" encoding="UTF-8"?>
<!-- Generated by org.testng.reporters.JUnitXMLReporter -->
<testsuite hostname="NILAMMA-W10" name="Test" tests="2" failures="0" timestamp="25 Mar 2021 12:55:01 GMT" time="283.618" errors="0">
  <testcase name="TS001_VerifyHomePageTest" time="102.713" classname="crmframework.crmAutomation.IncentivesPageTest"/>
  <testcase name="TS005_VerifyDeactivateIncentiveFromContactTest" time="175.027" classname="crmframework.crmAutomation.IncentivesPageTest"/>
</testsuite> <!-- Test -->
