<?xml version="1.0" encoding="UTF-8"?>
<!-- Generated by org.testng.reporters.JUnitXMLReporter -->
<testsuite hostname="aidtyaun-w10" name="Test" tests="2" failures="1" timestamp="6 May 2021 13:55:57 GMT" time="152.883" errors="0">
  <testcase name="TS001_VerifyHomePageTest" time="112.787" classname="crmframework.crmAutomation.ReferenceDataPageTest"/>
  <testcase name="TS009_VerifySearchChannelsTest" time="36.441" classname="crmframework.crmAutomation.ReferenceDataPageTest">
    <failure type="java.lang.AssertionError" message="expected [true] but found [false]">
      <![CDATA[java.lang.AssertionError: expected [true] but found [false]
	at crmframework.crmAutomation.ReferenceDataPageTest.TS009_VerifySearchChannelsTest(ReferenceDataPageTest.java:762)
... Removed 28 stack frames]]>
    </failure>
  </testcase> <!-- TS009_VerifySearchChannelsTest -->
</testsuite> <!-- Test -->
