<?xml version="1.0" encoding="UTF-8"?>
<!-- Generated by org.testng.reporters.JUnitXMLReporter -->
<testsuite hostname="NILAMMA-W10" name="Test" tests="6" failures="6" timestamp="3 Aug 2021 13:20:35 GMT" time="336.118" errors="0">
  <testcase name="TS002_VerifyExportToExcelListsTest" time="174.862" classname="crmframework.crmAutomation.ListManagementPageTest">
    <failure type="org.openqa.selenium.TimeoutException" message="Expected condition failed: waiting for element to be clickable: By.xpath: //div[@data-id=entitySelector_id.fieldControl-selectAllCheckBoxElementKeyxxc_listcreatedon&amp;apos;] (tried for 15 second(s) with 500 MILLISECONDS interval)">
      <![CDATA[org.openqa.selenium.TimeoutException: Expected condition failed: waiting for element to be clickable: By.xpath: //div[@data-id=entitySelector_id.fieldControl-selectAllCheckBoxElementKeyxxc_listcreatedon'] (tried for 15 second(s) with 500 MILLISECONDS interval)
	at org.openqa.selenium.support.ui.WebDriverWait.timeoutException(WebDriverWait.java:80)
	at org.openqa.selenium.support.ui.FluentWait.until(FluentWait.java:232)
	at pageObjects.CRMListManagementPage.getselectcheckbox2(CRMListManagementPage.java:82)
	at crmframework.crmAutomation.ListManagementPageTest.TS002_VerifyExportToExcelListsTest(ListManagementPageTest.java:202)
Caused by: org.openqa.selenium.InvalidSelectorException: invalid selector: Unable to locate an element with the xpath expression //div[@data-id=entitySelector_id.fieldControl-selectAllCheckBoxElementKeyxxc_listcreatedon'] because of the following error:
SyntaxError: Failed to execute 'evaluate' on 'Document': The string '//div[@data-id=entitySelector_id.fieldControl-selectAllCheckBoxElementKeyxxc_listcreatedon']' is not a valid XPath expression.
  (Session info: chrome=92.0.4515.107)
For documentation on this error, please visit: http://seleniumhq.org/exceptions/invalid_selector_exception.html
Build info: version: '3.4.0', revision: 'unknown', time: 'unknown'
System info: host: 'NILAMMA-W10', ip: '192.168.68.2', os.name: 'Windows 10', os.arch: 'amd64', os.version: '10.0', java.version: '1.8.0_161'
Driver info: org.openqa.selenium.chrome.ChromeDriver
Capabilities [{networkConnectionEnabled=false, chrome={chromedriverVersion=92.0.4515.43 (8c61b7e2989f2990d42f859cac71319137787cce-refs/branch-heads/4515@{#306}), userDataDir=C:\Users\nilamma\AppData\Local\Temp\scoped_dir30920_466071528}, timeouts={implicit=0.0, pageLoad=300000.0, script=30000.0}, pageLoadStrategy=normal, unhandledPromptBehavior=dismiss and notify, strictFileInteractability=false, platform=ANY, proxy=Proxy(), goog:chromeOptions={debuggerAddress=localhost:63562}, webauthn:extension:credBlob=true, acceptInsecureCerts=false, browserVersion=92.0.4515.107, browserName=chrome, javascriptEnabled=true, platformName=windows, setWindowRect=true, webauthn:extension:largeBlob=true, webauthn:virtualAuthenticators=true}]
Session ID: b2cd7bc9b84caf9124ce619569f18917
*** Element info: {Using=xpath, value=//div[@data-id=entitySelector_id.fieldControl-selectAllCheckBoxElementKeyxxc_listcreatedon']}
	at org.openqa.selenium.remote.http.W3CHttpResponseCodec.createException(W3CHttpResponseCodec.java:150)
	at org.openqa.selenium.remote.http.W3CHttpResponseCodec.decode(W3CHttpResponseCodec.java:115)
	at org.openqa.selenium.remote.http.W3CHttpResponseCodec.decode(W3CHttpResponseCodec.java:45)
	at org.openqa.selenium.remote.HttpCommandExecutor.execute(HttpCommandExecutor.java:164)
	at org.openqa.selenium.remote.service.DriverCommandExecutor.execute(DriverCommandExecutor.java:82)
	at org.openqa.selenium.remote.RemoteWebDriver.execute(RemoteWebDriver.java:637)
	at org.openqa.selenium.remote.RemoteWebDriver.findElements(RemoteWebDriver.java:437)
	at org.openqa.selenium.remote.RemoteWebDriver.findElementsByXPath(RemoteWebDriver.java:513)
	at org.openqa.selenium.By$ByXPath.findElements(By.java:356)
	at org.openqa.selenium.remote.RemoteWebDriver.findElements(RemoteWebDriver.java:398)
	at org.openqa.selenium.support.ui.ExpectedConditions.findElement(ExpectedConditions.java:882)
	at org.openqa.selenium.support.ui.ExpectedConditions.access$000(ExpectedConditions.java:44)
	at org.openqa.selenium.support.ui.ExpectedConditions$7.apply(ExpectedConditions.java:206)
	at org.openqa.selenium.support.ui.ExpectedConditions$7.apply(ExpectedConditions.java:202)
	at org.openqa.selenium.support.ui.ExpectedConditions$22.apply(ExpectedConditions.java:644)
	at org.openqa.selenium.support.ui.ExpectedConditions$22.apply(ExpectedConditions.java:641)
	at org.openqa.selenium.support.ui.FluentWait.until(FluentWait.java:209)
	... 26 more
... Removed 27 stack frames]]>
    </failure>
  </testcase> <!-- TS002_VerifyExportToExcelListsTest -->
  <testcase name="TS003_VerifyCooperativeListsAccountsViewTest" time="6.191" classname="crmframework.crmAutomation.ListManagementPageTest">
    <failure type="org.openqa.selenium.WebDriverException" message="element click intercepted: Element &amp;lt;span class=&amp;quot;pa-ce pa-o pa-cv pa-cw pa-cx pa-cy pa-ah pa-bn pa-cz &amp;quot;&amp;gt;...&amp;lt;/span&amp;gt; is not clickable at point (72, 279). Other element would receive the click: &amp;lt;div id=&amp;quot;dialogRoot_2&amp;quot; tabindex=&amp;quot;-1&amp;quot; class=&amp;quot;pa-f pa-as pa-a pa-o pa-bd flexbox&amp;quot;&amp;gt;...&amp;lt;/div&amp;gt;
  (Session info: chrome=92.0.4515.107)
Build info: version: &amp;apos;3.4.0&amp;apos;, revision: &amp;apos;unknown&amp;apos;, time: &amp;apos;unknown&amp;apos;
System info: host: &amp;apos;NILAMMA-W10&amp;apos;, ip: &amp;apos;192.168.68.2&amp;apos;, os.name: &amp;apos;Windows 10&amp;apos;, os.arch: &amp;apos;amd64&amp;apos;, os.version: &amp;apos;10.0&amp;apos;, java.version: &amp;apos;1.8.0_161&amp;apos;
Driver info: org.openqa.selenium.chrome.ChromeDriver
Capabilities [{networkConnectionEnabled=false, chrome={chromedriverVersion=92.0.4515.43 (8c61b7e2989f2990d42f859cac71319137787cce-refs/branch-heads/4515@{#306}), userDataDir=C:\Users\nilamma\AppData\Local\Temp\scoped_dir30920_466071528}, timeouts={implicit=0.0, pageLoad=300000.0, script=30000.0}, pageLoadStrategy=normal, unhandledPromptBehavior=dismiss and notify, strictFileInteractability=false, platform=ANY, proxy=Proxy(), goog:chromeOptions={debuggerAddress=localhost:63562}, webauthn:extension:credBlob=true, acceptInsecureCerts=false, browserVersion=92.0.4515.107, browserName=chrome, javascriptEnabled=true, platformName=windows, setWindowRect=true, webauthn:extension:largeBlob=true, webauthn:virtualAuthenticators=true}]
Session ID: b2cd7bc9b84caf9124ce619569f18917">
      <![CDATA[org.openqa.selenium.WebDriverException: element click intercepted: Element <span class="pa-ce pa-o pa-cv pa-cw pa-cx pa-cy pa-ah pa-bn pa-cz ">...</span> is not clickable at point (72, 279). Other element would receive the click: <div id="dialogRoot_2" tabindex="-1" class="pa-f pa-as pa-a pa-o pa-bd flexbox">...</div>
  (Session info: chrome=92.0.4515.107)
Build info: version: '3.4.0', revision: 'unknown', time: 'unknown'
System info: host: 'NILAMMA-W10', ip: '192.168.68.2', os.name: 'Windows 10', os.arch: 'amd64', os.version: '10.0', java.version: '1.8.0_161'
Driver info: org.openqa.selenium.chrome.ChromeDriver
Capabilities [{networkConnectionEnabled=false, chrome={chromedriverVersion=92.0.4515.43 (8c61b7e2989f2990d42f859cac71319137787cce-refs/branch-heads/4515@{#306}), userDataDir=C:\Users\nilamma\AppData\Local\Temp\scoped_dir30920_466071528}, timeouts={implicit=0.0, pageLoad=300000.0, script=30000.0}, pageLoadStrategy=normal, unhandledPromptBehavior=dismiss and notify, strictFileInteractability=false, platform=ANY, proxy=Proxy(), goog:chromeOptions={debuggerAddress=localhost:63562}, webauthn:extension:credBlob=true, acceptInsecureCerts=false, browserVersion=92.0.4515.107, browserName=chrome, javascriptEnabled=true, platformName=windows, setWindowRect=true, webauthn:extension:largeBlob=true, webauthn:virtualAuthenticators=true}]
Session ID: b2cd7bc9b84caf9124ce619569f18917
	at org.openqa.selenium.remote.http.W3CHttpResponseCodec.createException(W3CHttpResponseCodec.java:150)
	at org.openqa.selenium.remote.http.W3CHttpResponseCodec.decode(W3CHttpResponseCodec.java:115)
	at org.openqa.selenium.remote.http.W3CHttpResponseCodec.decode(W3CHttpResponseCodec.java:45)
	at org.openqa.selenium.remote.HttpCommandExecutor.execute(HttpCommandExecutor.java:164)
	at org.openqa.selenium.remote.service.DriverCommandExecutor.execute(DriverCommandExecutor.java:82)
	at org.openqa.selenium.remote.RemoteWebDriver.execute(RemoteWebDriver.java:637)
	at org.openqa.selenium.remote.RemoteWebElement.execute(RemoteWebElement.java:272)
	at org.openqa.selenium.remote.RemoteWebElement.click(RemoteWebElement.java:82)
	at crmframework.crmAutomation.ListManagementPageTest.TS003_VerifyCooperativeListsAccountsViewTest(ListManagementPageTest.java:235)
... Removed 28 stack frames]]>
    </failure>
  </testcase> <!-- TS003_VerifyCooperativeListsAccountsViewTest -->
  <testcase name="TS004_VerifyCreateNewListTest" time="1.271" classname="crmframework.crmAutomation.ListManagementPageTest">
    <failure type="org.openqa.selenium.WebDriverException" message="element click intercepted: Element &amp;lt;span class=&amp;quot;pa-ce pa-o pa-cv pa-cw pa-cx pa-cy pa-ah pa-bn pa-cz &amp;quot;&amp;gt;...&amp;lt;/span&amp;gt; is not clickable at point (57, 547). Other element would receive the click: &amp;lt;div id=&amp;quot;dialogRoot_2&amp;quot; tabindex=&amp;quot;-1&amp;quot; class=&amp;quot;pa-f pa-as pa-a pa-o pa-bd flexbox&amp;quot;&amp;gt;...&amp;lt;/div&amp;gt;
  (Session info: chrome=92.0.4515.107)
Build info: version: &amp;apos;3.4.0&amp;apos;, revision: &amp;apos;unknown&amp;apos;, time: &amp;apos;unknown&amp;apos;
System info: host: &amp;apos;NILAMMA-W10&amp;apos;, ip: &amp;apos;192.168.68.2&amp;apos;, os.name: &amp;apos;Windows 10&amp;apos;, os.arch: &amp;apos;amd64&amp;apos;, os.version: &amp;apos;10.0&amp;apos;, java.version: &amp;apos;1.8.0_161&amp;apos;
Driver info: org.openqa.selenium.chrome.ChromeDriver
Capabilities [{networkConnectionEnabled=false, chrome={chromedriverVersion=92.0.4515.43 (8c61b7e2989f2990d42f859cac71319137787cce-refs/branch-heads/4515@{#306}), userDataDir=C:\Users\nilamma\AppData\Local\Temp\scoped_dir30920_466071528}, timeouts={implicit=0.0, pageLoad=300000.0, script=30000.0}, pageLoadStrategy=normal, unhandledPromptBehavior=dismiss and notify, strictFileInteractability=false, platform=ANY, proxy=Proxy(), goog:chromeOptions={debuggerAddress=localhost:63562}, webauthn:extension:credBlob=true, acceptInsecureCerts=false, browserVersion=92.0.4515.107, browserName=chrome, javascriptEnabled=true, platformName=windows, setWindowRect=true, webauthn:extension:largeBlob=true, webauthn:virtualAuthenticators=true}]
Session ID: b2cd7bc9b84caf9124ce619569f18917">
      <![CDATA[org.openqa.selenium.WebDriverException: element click intercepted: Element <span class="pa-ce pa-o pa-cv pa-cw pa-cx pa-cy pa-ah pa-bn pa-cz ">...</span> is not clickable at point (57, 547). Other element would receive the click: <div id="dialogRoot_2" tabindex="-1" class="pa-f pa-as pa-a pa-o pa-bd flexbox">...</div>
  (Session info: chrome=92.0.4515.107)
Build info: version: '3.4.0', revision: 'unknown', time: 'unknown'
System info: host: 'NILAMMA-W10', ip: '192.168.68.2', os.name: 'Windows 10', os.arch: 'amd64', os.version: '10.0', java.version: '1.8.0_161'
Driver info: org.openqa.selenium.chrome.ChromeDriver
Capabilities [{networkConnectionEnabled=false, chrome={chromedriverVersion=92.0.4515.43 (8c61b7e2989f2990d42f859cac71319137787cce-refs/branch-heads/4515@{#306}), userDataDir=C:\Users\nilamma\AppData\Local\Temp\scoped_dir30920_466071528}, timeouts={implicit=0.0, pageLoad=300000.0, script=30000.0}, pageLoadStrategy=normal, unhandledPromptBehavior=dismiss and notify, strictFileInteractability=false, platform=ANY, proxy=Proxy(), goog:chromeOptions={debuggerAddress=localhost:63562}, webauthn:extension:credBlob=true, acceptInsecureCerts=false, browserVersion=92.0.4515.107, browserName=chrome, javascriptEnabled=true, platformName=windows, setWindowRect=true, webauthn:extension:largeBlob=true, webauthn:virtualAuthenticators=true}]
Session ID: b2cd7bc9b84caf9124ce619569f18917
	at org.openqa.selenium.remote.http.W3CHttpResponseCodec.createException(W3CHttpResponseCodec.java:150)
	at org.openqa.selenium.remote.http.W3CHttpResponseCodec.decode(W3CHttpResponseCodec.java:115)
	at org.openqa.selenium.remote.http.W3CHttpResponseCodec.decode(W3CHttpResponseCodec.java:45)
	at org.openqa.selenium.remote.HttpCommandExecutor.execute(HttpCommandExecutor.java:164)
	at org.openqa.selenium.remote.service.DriverCommandExecutor.execute(DriverCommandExecutor.java:82)
	at org.openqa.selenium.remote.RemoteWebDriver.execute(RemoteWebDriver.java:637)
	at org.openqa.selenium.remote.RemoteWebElement.execute(RemoteWebElement.java:272)
	at org.openqa.selenium.remote.RemoteWebElement.click(RemoteWebElement.java:82)
	at crmframework.crmAutomation.ListManagementPageTest.TS004_VerifyCreateNewListTest(ListManagementPageTest.java:266)
... Removed 28 stack frames]]>
    </failure>
  </testcase> <!-- TS004_VerifyCreateNewListTest -->
  <testcase name="TS005_VerifyListMembersRemovedViewTest" time="1.342" classname="crmframework.crmAutomation.ListManagementPageTest">
    <failure type="org.openqa.selenium.WebDriverException" message="element click intercepted: Element &amp;lt;span class=&amp;quot;pa-ce pa-o pa-cv pa-cw pa-cx pa-cy pa-ah pa-bn pa-cz &amp;quot;&amp;gt;...&amp;lt;/span&amp;gt; is not clickable at point (85, 547). Other element would receive the click: &amp;lt;div id=&amp;quot;dialogRoot_2&amp;quot; tabindex=&amp;quot;-1&amp;quot; class=&amp;quot;pa-f pa-as pa-a pa-o pa-bd flexbox&amp;quot;&amp;gt;...&amp;lt;/div&amp;gt;
  (Session info: chrome=92.0.4515.107)
Build info: version: &amp;apos;3.4.0&amp;apos;, revision: &amp;apos;unknown&amp;apos;, time: &amp;apos;unknown&amp;apos;
System info: host: &amp;apos;NILAMMA-W10&amp;apos;, ip: &amp;apos;192.168.68.2&amp;apos;, os.name: &amp;apos;Windows 10&amp;apos;, os.arch: &amp;apos;amd64&amp;apos;, os.version: &amp;apos;10.0&amp;apos;, java.version: &amp;apos;1.8.0_161&amp;apos;
Driver info: org.openqa.selenium.chrome.ChromeDriver
Capabilities [{networkConnectionEnabled=false, chrome={chromedriverVersion=92.0.4515.43 (8c61b7e2989f2990d42f859cac71319137787cce-refs/branch-heads/4515@{#306}), userDataDir=C:\Users\nilamma\AppData\Local\Temp\scoped_dir30920_466071528}, timeouts={implicit=0.0, pageLoad=300000.0, script=30000.0}, pageLoadStrategy=normal, unhandledPromptBehavior=dismiss and notify, strictFileInteractability=false, platform=ANY, proxy=Proxy(), goog:chromeOptions={debuggerAddress=localhost:63562}, webauthn:extension:credBlob=true, acceptInsecureCerts=false, browserVersion=92.0.4515.107, browserName=chrome, javascriptEnabled=true, platformName=windows, setWindowRect=true, webauthn:extension:largeBlob=true, webauthn:virtualAuthenticators=true}]
Session ID: b2cd7bc9b84caf9124ce619569f18917">
      <![CDATA[org.openqa.selenium.WebDriverException: element click intercepted: Element <span class="pa-ce pa-o pa-cv pa-cw pa-cx pa-cy pa-ah pa-bn pa-cz ">...</span> is not clickable at point (85, 547). Other element would receive the click: <div id="dialogRoot_2" tabindex="-1" class="pa-f pa-as pa-a pa-o pa-bd flexbox">...</div>
  (Session info: chrome=92.0.4515.107)
Build info: version: '3.4.0', revision: 'unknown', time: 'unknown'
System info: host: 'NILAMMA-W10', ip: '192.168.68.2', os.name: 'Windows 10', os.arch: 'amd64', os.version: '10.0', java.version: '1.8.0_161'
Driver info: org.openqa.selenium.chrome.ChromeDriver
Capabilities [{networkConnectionEnabled=false, chrome={chromedriverVersion=92.0.4515.43 (8c61b7e2989f2990d42f859cac71319137787cce-refs/branch-heads/4515@{#306}), userDataDir=C:\Users\nilamma\AppData\Local\Temp\scoped_dir30920_466071528}, timeouts={implicit=0.0, pageLoad=300000.0, script=30000.0}, pageLoadStrategy=normal, unhandledPromptBehavior=dismiss and notify, strictFileInteractability=false, platform=ANY, proxy=Proxy(), goog:chromeOptions={debuggerAddress=localhost:63562}, webauthn:extension:credBlob=true, acceptInsecureCerts=false, browserVersion=92.0.4515.107, browserName=chrome, javascriptEnabled=true, platformName=windows, setWindowRect=true, webauthn:extension:largeBlob=true, webauthn:virtualAuthenticators=true}]
Session ID: b2cd7bc9b84caf9124ce619569f18917
	at org.openqa.selenium.remote.http.W3CHttpResponseCodec.createException(W3CHttpResponseCodec.java:150)
	at org.openqa.selenium.remote.http.W3CHttpResponseCodec.decode(W3CHttpResponseCodec.java:115)
	at org.openqa.selenium.remote.http.W3CHttpResponseCodec.decode(W3CHttpResponseCodec.java:45)
	at org.openqa.selenium.remote.HttpCommandExecutor.execute(HttpCommandExecutor.java:164)
	at org.openqa.selenium.remote.service.DriverCommandExecutor.execute(DriverCommandExecutor.java:82)
	at org.openqa.selenium.remote.RemoteWebDriver.execute(RemoteWebDriver.java:637)
	at org.openqa.selenium.remote.RemoteWebElement.execute(RemoteWebElement.java:272)
	at org.openqa.selenium.remote.RemoteWebElement.click(RemoteWebElement.java:82)
	at crmframework.crmAutomation.ListManagementPageTest.TS005_VerifyListMembersRemovedViewTest(ListManagementPageTest.java:320)
... Removed 28 stack frames]]>
    </failure>
  </testcase> <!-- TS005_VerifyListMembersRemovedViewTest -->
  <testcase name="TS006_ManualFail_VerifyListMemberLastAddedRemovedUpdatedTest" time="1.305" classname="crmframework.crmAutomation.ListManagementPageTest">
    <failure type="org.openqa.selenium.WebDriverException" message="element click intercepted: Element &amp;lt;span class=&amp;quot;pa-ce pa-o pa-cv pa-cw pa-cx pa-cy pa-ah pa-bn pa-cz &amp;quot;&amp;gt;...&amp;lt;/span&amp;gt; is not clickable at point (57, 512). Other element would receive the click: &amp;lt;div id=&amp;quot;dialogRoot_2&amp;quot; tabindex=&amp;quot;-1&amp;quot; class=&amp;quot;pa-f pa-as pa-a pa-o pa-bd flexbox&amp;quot;&amp;gt;...&amp;lt;/div&amp;gt;
  (Session info: chrome=92.0.4515.107)
Build info: version: &amp;apos;3.4.0&amp;apos;, revision: &amp;apos;unknown&amp;apos;, time: &amp;apos;unknown&amp;apos;
System info: host: &amp;apos;NILAMMA-W10&amp;apos;, ip: &amp;apos;192.168.68.2&amp;apos;, os.name: &amp;apos;Windows 10&amp;apos;, os.arch: &amp;apos;amd64&amp;apos;, os.version: &amp;apos;10.0&amp;apos;, java.version: &amp;apos;1.8.0_161&amp;apos;
Driver info: org.openqa.selenium.chrome.ChromeDriver
Capabilities [{networkConnectionEnabled=false, chrome={chromedriverVersion=92.0.4515.43 (8c61b7e2989f2990d42f859cac71319137787cce-refs/branch-heads/4515@{#306}), userDataDir=C:\Users\nilamma\AppData\Local\Temp\scoped_dir30920_466071528}, timeouts={implicit=0.0, pageLoad=300000.0, script=30000.0}, pageLoadStrategy=normal, unhandledPromptBehavior=dismiss and notify, strictFileInteractability=false, platform=ANY, proxy=Proxy(), goog:chromeOptions={debuggerAddress=localhost:63562}, webauthn:extension:credBlob=true, acceptInsecureCerts=false, browserVersion=92.0.4515.107, browserName=chrome, javascriptEnabled=true, platformName=windows, setWindowRect=true, webauthn:extension:largeBlob=true, webauthn:virtualAuthenticators=true}]
Session ID: b2cd7bc9b84caf9124ce619569f18917">
      <![CDATA[org.openqa.selenium.WebDriverException: element click intercepted: Element <span class="pa-ce pa-o pa-cv pa-cw pa-cx pa-cy pa-ah pa-bn pa-cz ">...</span> is not clickable at point (57, 512). Other element would receive the click: <div id="dialogRoot_2" tabindex="-1" class="pa-f pa-as pa-a pa-o pa-bd flexbox">...</div>
  (Session info: chrome=92.0.4515.107)
Build info: version: '3.4.0', revision: 'unknown', time: 'unknown'
System info: host: 'NILAMMA-W10', ip: '192.168.68.2', os.name: 'Windows 10', os.arch: 'amd64', os.version: '10.0', java.version: '1.8.0_161'
Driver info: org.openqa.selenium.chrome.ChromeDriver
Capabilities [{networkConnectionEnabled=false, chrome={chromedriverVersion=92.0.4515.43 (8c61b7e2989f2990d42f859cac71319137787cce-refs/branch-heads/4515@{#306}), userDataDir=C:\Users\nilamma\AppData\Local\Temp\scoped_dir30920_466071528}, timeouts={implicit=0.0, pageLoad=300000.0, script=30000.0}, pageLoadStrategy=normal, unhandledPromptBehavior=dismiss and notify, strictFileInteractability=false, platform=ANY, proxy=Proxy(), goog:chromeOptions={debuggerAddress=localhost:63562}, webauthn:extension:credBlob=true, acceptInsecureCerts=false, browserVersion=92.0.4515.107, browserName=chrome, javascriptEnabled=true, platformName=windows, setWindowRect=true, webauthn:extension:largeBlob=true, webauthn:virtualAuthenticators=true}]
Session ID: b2cd7bc9b84caf9124ce619569f18917
	at org.openqa.selenium.remote.http.W3CHttpResponseCodec.createException(W3CHttpResponseCodec.java:150)
	at org.openqa.selenium.remote.http.W3CHttpResponseCodec.decode(W3CHttpResponseCodec.java:115)
	at org.openqa.selenium.remote.http.W3CHttpResponseCodec.decode(W3CHttpResponseCodec.java:45)
	at org.openqa.selenium.remote.HttpCommandExecutor.execute(HttpCommandExecutor.java:164)
	at org.openqa.selenium.remote.service.DriverCommandExecutor.execute(DriverCommandExecutor.java:82)
	at org.openqa.selenium.remote.RemoteWebDriver.execute(RemoteWebDriver.java:637)
	at org.openqa.selenium.remote.RemoteWebElement.execute(RemoteWebElement.java:272)
	at org.openqa.selenium.remote.RemoteWebElement.click(RemoteWebElement.java:82)
	at crmframework.crmAutomation.ListManagementPageTest.TS006_ManualFail_VerifyListMemberLastAddedRemovedUpdatedTest(ListManagementPageTest.java:361)
... Removed 28 stack frames]]>
    </failure>
  </testcase> <!-- TS006_ManualFail_VerifyListMemberLastAddedRemovedUpdatedTest -->
  <testcase name="TS007_VerifyExportToExcelListMembersTest" time="1.304" classname="crmframework.crmAutomation.ListManagementPageTest">
    <failure type="org.openqa.selenium.WebDriverException" message="element click intercepted: Element &amp;lt;span class=&amp;quot;pa-ce pa-o pa-cv pa-cw pa-cx pa-cy pa-ah pa-bn pa-cz &amp;quot;&amp;gt;...&amp;lt;/span&amp;gt; is not clickable at point (85, 547). Other element would receive the click: &amp;lt;div id=&amp;quot;dialogRoot_2&amp;quot; tabindex=&amp;quot;-1&amp;quot; class=&amp;quot;pa-f pa-as pa-a pa-o pa-bd flexbox&amp;quot;&amp;gt;...&amp;lt;/div&amp;gt;
  (Session info: chrome=92.0.4515.107)
Build info: version: &amp;apos;3.4.0&amp;apos;, revision: &amp;apos;unknown&amp;apos;, time: &amp;apos;unknown&amp;apos;
System info: host: &amp;apos;NILAMMA-W10&amp;apos;, ip: &amp;apos;192.168.68.2&amp;apos;, os.name: &amp;apos;Windows 10&amp;apos;, os.arch: &amp;apos;amd64&amp;apos;, os.version: &amp;apos;10.0&amp;apos;, java.version: &amp;apos;1.8.0_161&amp;apos;
Driver info: org.openqa.selenium.chrome.ChromeDriver
Capabilities [{networkConnectionEnabled=false, chrome={chromedriverVersion=92.0.4515.43 (8c61b7e2989f2990d42f859cac71319137787cce-refs/branch-heads/4515@{#306}), userDataDir=C:\Users\nilamma\AppData\Local\Temp\scoped_dir30920_466071528}, timeouts={implicit=0.0, pageLoad=300000.0, script=30000.0}, pageLoadStrategy=normal, unhandledPromptBehavior=dismiss and notify, strictFileInteractability=false, platform=ANY, proxy=Proxy(), goog:chromeOptions={debuggerAddress=localhost:63562}, webauthn:extension:credBlob=true, acceptInsecureCerts=false, browserVersion=92.0.4515.107, browserName=chrome, javascriptEnabled=true, platformName=windows, setWindowRect=true, webauthn:extension:largeBlob=true, webauthn:virtualAuthenticators=true}]
Session ID: b2cd7bc9b84caf9124ce619569f18917">
      <![CDATA[org.openqa.selenium.WebDriverException: element click intercepted: Element <span class="pa-ce pa-o pa-cv pa-cw pa-cx pa-cy pa-ah pa-bn pa-cz ">...</span> is not clickable at point (85, 547). Other element would receive the click: <div id="dialogRoot_2" tabindex="-1" class="pa-f pa-as pa-a pa-o pa-bd flexbox">...</div>
  (Session info: chrome=92.0.4515.107)
Build info: version: '3.4.0', revision: 'unknown', time: 'unknown'
System info: host: 'NILAMMA-W10', ip: '192.168.68.2', os.name: 'Windows 10', os.arch: 'amd64', os.version: '10.0', java.version: '1.8.0_161'
Driver info: org.openqa.selenium.chrome.ChromeDriver
Capabilities [{networkConnectionEnabled=false, chrome={chromedriverVersion=92.0.4515.43 (8c61b7e2989f2990d42f859cac71319137787cce-refs/branch-heads/4515@{#306}), userDataDir=C:\Users\nilamma\AppData\Local\Temp\scoped_dir30920_466071528}, timeouts={implicit=0.0, pageLoad=300000.0, script=30000.0}, pageLoadStrategy=normal, unhandledPromptBehavior=dismiss and notify, strictFileInteractability=false, platform=ANY, proxy=Proxy(), goog:chromeOptions={debuggerAddress=localhost:63562}, webauthn:extension:credBlob=true, acceptInsecureCerts=false, browserVersion=92.0.4515.107, browserName=chrome, javascriptEnabled=true, platformName=windows, setWindowRect=true, webauthn:extension:largeBlob=true, webauthn:virtualAuthenticators=true}]
Session ID: b2cd7bc9b84caf9124ce619569f18917
	at org.openqa.selenium.remote.http.W3CHttpResponseCodec.createException(W3CHttpResponseCodec.java:150)
	at org.openqa.selenium.remote.http.W3CHttpResponseCodec.decode(W3CHttpResponseCodec.java:115)
	at org.openqa.selenium.remote.http.W3CHttpResponseCodec.decode(W3CHttpResponseCodec.java:45)
	at org.openqa.selenium.remote.HttpCommandExecutor.execute(HttpCommandExecutor.java:164)
	at org.openqa.selenium.remote.service.DriverCommandExecutor.execute(DriverCommandExecutor.java:82)
	at org.openqa.selenium.remote.RemoteWebDriver.execute(RemoteWebDriver.java:637)
	at org.openqa.selenium.remote.RemoteWebElement.execute(RemoteWebElement.java:272)
	at org.openqa.selenium.remote.RemoteWebElement.click(RemoteWebElement.java:82)
	at crmframework.crmAutomation.ListManagementPageTest.TS007_VerifyExportToExcelListMembersTest(ListManagementPageTest.java:533)
... Removed 28 stack frames]]>
    </failure>
  </testcase> <!-- TS007_VerifyExportToExcelListMembersTest -->
</testsuite> <!-- Test -->
