<?xml version="1.0" encoding="UTF-8"?>
<!-- Generated by org.testng.reporters.JUnitXMLReporter -->
<testsuite hostname="NILAMMA-W10" name="Test" tests="2" failures="0" timestamp="19 May 2021 06:50:53 GMT" time="442.423" errors="0">
  <testcase name="TS001_VerifyHomePageTest" time="123.751" classname="crmframework.crmAutomation.IncentivesPageTest"/>
  <testcase name="TS009_VerifyUpdateiIncentiveFromContactTest" time="309.534" classname="crmframework.crmAutomation.IncentivesPageTest"/>
</testsuite> <!-- Test -->
