<?xml version="1.0" encoding="UTF-8"?>
<!-- Generated by org.testng.reporters.JUnitXMLReporter -->
<testsuite hostname="shradhama-w10" name="Test" tests="2" failures="1" timestamp="12 Mar 2021 08:31:37 GMT" time="178.511" errors="0">
  <testcase name="TS001_VerifyHomePageTest" time="103.467" classname="crmframework.crmAutomation.OtherTest"/>
  <testcase name="TS005_VerifyExportToExcelTest" time="72.264" classname="crmframework.crmAutomation.OtherTest">
    <failure type="org.openqa.selenium.TimeoutException" message="Expected condition failed: waiting for visibility of element located by By.xpath: //section[@id = &amp;apos;DialogContainer__5_popupContainer&amp;apos;]/div[1]/div[1]/div[1]/div[1]/div[1]/div[1]/div[3]/button[1]/span[1] (tried for 20 second(s) with 500 MILLISECONDS interval)">
      <![CDATA[org.openqa.selenium.TimeoutException: Expected condition failed: waiting for visibility of element located by By.xpath: //section[@id = 'DialogContainer__5_popupContainer']/div[1]/div[1]/div[1]/div[1]/div[1]/div[1]/div[3]/button[1]/span[1] (tried for 20 second(s) with 500 MILLISECONDS interval)
	at org.openqa.selenium.support.ui.WebDriverWait.timeoutException(WebDriverWait.java:80)
	at org.openqa.selenium.support.ui.FluentWait.until(FluentWait.java:232)
	at pageObjects.CRMAccountsPage.gettrackprogressexportbtn(CRMAccountsPage.java:1279)
	at crmframework.crmAutomation.OtherTest.TS005_VerifyExportToExcelTest(OtherTest.java:289)
Caused by: org.openqa.selenium.NoSuchElementException: Cannot locate an element using By.xpath: //section[@id = 'DialogContainer__5_popupContainer']/div[1]/div[1]/div[1]/div[1]/div[1]/div[1]/div[3]/button[1]/span[1]
For documentation on this error, please visit: http://seleniumhq.org/exceptions/no_such_element.html
Build info: version: '3.4.0', revision: 'unknown', time: 'unknown'
System info: host: 'SHRADHAMA-W10', ip: '172.27.182.74', os.name: 'Windows 10', os.arch: 'amd64', os.version: '10.0', java.version: '1.8.0_161'
Driver info: driver.version: unknown
	at org.openqa.selenium.support.ui.ExpectedConditions.lambda$findElement$0(ExpectedConditions.java:883)
	at java.util.Optional.orElseThrow(Unknown Source)
	at org.openqa.selenium.support.ui.ExpectedConditions.findElement(ExpectedConditions.java:882)
	at org.openqa.selenium.support.ui.ExpectedConditions.access$000(ExpectedConditions.java:44)
	at org.openqa.selenium.support.ui.ExpectedConditions$7.apply(ExpectedConditions.java:206)
	at org.openqa.selenium.support.ui.ExpectedConditions$7.apply(ExpectedConditions.java:202)
	at org.openqa.selenium.support.ui.FluentWait.until(FluentWait.java:209)
	... 26 more
... Removed 24 stack frames]]>
    </failure>
  </testcase> <!-- TS005_VerifyExportToExcelTest -->
</testsuite> <!-- Test -->
