<?xml version="1.0" encoding="UTF-8"?>
<!-- Generated by org.testng.reporters.JUnitXMLReporter -->
<testsuite hostname="NILAMMA-W10" name="Test" tests="5" failures="0" timestamp="22 Apr 2021 06:21:27 GMT" time="330.463" errors="0">
  <testcase name="TS001_VerifyHomePageTest" time="131.664" classname="crmframework.crmAutomation.ReferenceDataPageTest"/>
  <testcase name="TS002_VerifyCampusesTest" time="69.735" classname="crmframework.crmAutomation.ReferenceDataPageTest"/>
  <testcase name="TS003_VerifySearchCampusesTest" time="40.85" classname="crmframework.crmAutomation.ReferenceDataPageTest"/>
  <testcase name="TS004_VerifyDemandDriverProductCategoriesTest" time="26.149" classname="crmframework.crmAutomation.ReferenceDataPageTest"/>
  <testcase name="TS005_VerifySearchDDProductCategoriesTest" time="50.795" classname="crmframework.crmAutomation.ReferenceDataPageTest"/>
</testsuite> <!-- Test -->
