<?xml version="1.0" encoding="UTF-8"?>
<!-- Generated by org.testng.reporters.JUnitXMLReporter -->
<testsuite hostname="aidtyaun-w10" name="Test" tests="2" failures="0" timestamp="5 Apr 2021 05:26:52 GMT" time="281.568" errors="0">
  <testcase name="TS001_VerifyHomePageTest" time="118.375" classname="crmframework.crmAutomation.IncentiveDetailsPageTest"/>
  <testcase name="TS006_VerifyExportToExcelIncentivesDetailsTest" time="154.044" classname="crmframework.crmAutomation.IncentiveDetailsPageTest"/>
</testsuite> <!-- Test -->
