<?xml version="1.0" encoding="UTF-8"?>
<!-- Generated by org.testng.reporters.JUnitXMLReporter -->
<testsuite hostname="NILAMMA-W10" name="Test" tests="3" failures="0" timestamp="15 Mar 2021 13:02:42 GMT" time="213.151" errors="0">
  <testcase name="TS001_VerifyHomePageTest" time="93.717" classname="crmframework.crmAutomation.ContactPageTest"/>
  <testcase name="TS015_VerifyAddNewNoteToContactTest" time="69.408" classname="crmframework.crmAutomation.ContactPageTest"/>
  <testcase name="TS016_VerifyAddNewPostToContactTest" time="41.708" classname="crmframework.crmAutomation.ContactPageTest"/>
</testsuite> <!-- Test -->
