<?xml version="1.0" encoding="UTF-8"?>
<!-- Generated by org.testng.reporters.JUnitXMLReporter -->
<testsuite hostname="aidtyaun-w10" name="Test" tests="2" failures="0" timestamp="13 May 2021 09:18:43 GMT" time="195.104" errors="0">
  <testcase name="TS001_VerifyHomePageTest" time="152.941" classname="crmframework.crmAutomation.DashboardPageTest"/>
  <testcase name="TS002_VerifyRetailRelationManagerDashboardView" time="36.173" classname="crmframework.crmAutomation.DashboardPageTest"/>
</testsuite> <!-- Test -->
