<?xml version="1.0" encoding="UTF-8"?>
<!-- Generated by org.testng.reporters.JUnitXMLReporter -->
<testsuite hostname="shradhama-w10" name="Test" tests="2" failures="0" timestamp="26 Apr 2021 04:22:40 GMT" time="145.832" errors="0">
  <testcase name="TS001_VerifyHomePageTest" time="97.731" classname="crmframework.crmAutomation.RegistrationsPageTest"/>
  <testcase name="TS004_VerifyExportToExcelRegistrationsPageTest" time="45.002" classname="crmframework.crmAutomation.RegistrationsPageTest"/>
</testsuite> <!-- Test -->
