<?xml version="1.0" encoding="UTF-8"?>
<!-- Generated by org.testng.reporters.JUnitXMLReporter -->
<testsuite hostname="shradhama-w10" name="Test" tests="2" failures="0" timestamp="26 Mar 2021 06:31:45 GMT" time="165.171" errors="0">
  <testcase name="TS001_VerifyHomePageTest" time="92.668" classname="crmframework.crmAutomation.IncentivesPageTest"/>
  <testcase name="TS006_VerifyGridFiltersIncentivesTest" time="68.613" classname="crmframework.crmAutomation.IncentivesPageTest"/>
</testsuite> <!-- Test -->
