<?xml version="1.0" encoding="UTF-8"?>
<!-- Generated by org.testng.reporters.JUnitXMLReporter -->
<testsuite hostname="shradhama-w10" name="Test" tests="2" failures="0" timestamp="10 Mar 2021 05:53:41 GMT" time="109.871" errors="0">
  <testcase name="TS001_VerifyHomePageTest" time="79.484" classname="crmframework.crmAutomation.ContactPageTest"/>
  <testcase name="TS004_VerifyMarketingRelationshipOwnerContactTest" time="27.426" classname="crmframework.crmAutomation.ContactPageTest"/>
</testsuite> <!-- Test -->
