<?xml version="1.0" encoding="UTF-8"?>
<!-- Generated by org.testng.reporters.JUnitXMLReporter -->
<testsuite hostname="shradhama-w10" name="Test" tests="3" failures="0" timestamp="10 Mar 2021 12:35:18 GMT" time="166.548" errors="0">
  <testcase name="TS001_VerifyHomePageTest" time="86.614" classname="crmframework.crmAutomation.ContactPageTest"/>
  <testcase name="TS004_VerifyMarketingRelationshipOwnerContactTest" time="33.153" classname="crmframework.crmAutomation.ContactPageTest"/>
  <testcase name="TS005_VerifyPhoneCallOnContactTest" time="41.003" classname="crmframework.crmAutomation.ContactPageTest"/>
</testsuite> <!-- Test -->
