<?xml version="1.0" encoding="UTF-8"?>
<!-- Generated by org.testng.reporters.JUnitXMLReporter -->
<testsuite hostname="aidtyaun-w10" name="Test" tests="2" failures="0" timestamp="6 Apr 2021 13:49:10 GMT" time="184.458" errors="0">
  <testcase name="TS001_VerifyHomePageTest" time="108.925" classname="crmframework.crmAutomation.IncentiveDetailsPageTest"/>
  <testcase name="TS008_VerifyActivateInactiveIncentiveDetailsTest" time="69.512" classname="crmframework.crmAutomation.IncentiveDetailsPageTest"/>
</testsuite> <!-- Test -->
