<?xml version="1.0" encoding="UTF-8"?>
<!-- Generated by org.testng.reporters.JUnitXMLReporter -->
<testsuite hostname="NILAMMA-W10" name="Test" tests="2" failures="0" timestamp="26 Mar 2021 10:18:39 GMT" time="252.774" errors="0">
  <testcase name="TS001_VerifyHomePageTest" time="112.138" classname="crmframework.crmAutomation.IncentivesPageTest"/>
  <testcase name="TS007_VerifyActivateInactiveIncentiveTest" time="134.941" classname="crmframework.crmAutomation.IncentivesPageTest"/>
</testsuite> <!-- Test -->
