<?xml version="1.0" encoding="UTF-8"?>
<!-- Generated by org.testng.reporters.JUnitXMLReporter -->
<testsuite hostname="shradhama-w10" name="Test" tests="4" failures="0" timestamp="9 May 2021 13:08:28 GMT" time="246.885" errors="0">
  <testcase name="TS001_VerifyHomePageTest" time="102.859" classname="crmframework.crmAutomation.IncentiveCategoriesPageTest"/>
  <testcase name="TS002_VerifyIncentiveCategoriesTest" time="47.011" classname="crmframework.crmAutomation.IncentiveCategoriesPageTest"/>
  <testcase name="TS003_VerifySearchIncentiveCategoriesTest" time="40.6" classname="crmframework.crmAutomation.IncentiveCategoriesPageTest"/>
  <testcase name="TS004_VerifyCreateNewIncentiveCategoryTest" time="53.008" classname="crmframework.crmAutomation.IncentiveCategoriesPageTest"/>
</testsuite> <!-- Test -->
