<?xml version="1.0" encoding="UTF-8"?>
<!-- Generated by org.testng.reporters.JUnitXMLReporter -->
<testsuite hostname="shradhama-w10" name="Test" tests="28" failures="2" timestamp="29 Jul 2021 14:41:10 GMT" time="2998.963" errors="0">
  <testcase name="TS002_VerifyCreateNewAccountTest" time="153.35" classname="crmframework.crmAutomation.AccountPageTest"/>
  <testcase name="TS003_VerifyAddAppointmentToAccountTest" time="122.151" classname="crmframework.crmAutomation.AccountPageTest"/>
  <testcase name="TS004_VerifyAddMarketingRelationshipOwnerToAccountTest" time="113.782" classname="crmframework.crmAutomation.AccountPageTest"/>
  <testcase name="TS005_VerifySearchAccountTest" time="42.971" classname="crmframework.crmAutomation.AccountPageTest"/>
  <testcase name="TS006_VerifyAuditHistoryTabOnAccountTest" time="82.026" classname="crmframework.crmAutomation.AccountPageTest"/>
  <testcase name="TS007_VerifyParentAccountTest" time="77.093" classname="crmframework.crmAutomation.AccountPageTest"/>
  <testcase name="TS008_VerifyAccountStatusToActivateAccountTest" time="85.524" classname="crmframework.crmAutomation.AccountPageTest"/>
  <testcase name="TS009_VerifyAccountStatusToDeactivateAccountTest" time="69.12" classname="crmframework.crmAutomation.AccountPageTest"/>
  <testcase name="TS010_VerifyBusinessRuleForPhoneNumberTest" time="127.264" classname="crmframework.crmAutomation.AccountPageTest"/>
  <testcase name="TS011_VerifyAddNoteToAccountTest" time="84.315" classname="crmframework.crmAutomation.AccountPageTest"/>
  <testcase name="TS012_VerifyAddNewPostToAccountTest" time="62.883" classname="crmframework.crmAutomation.AccountPageTest"/>
  <testcase name="TS013_VerifyPhoneCallOnAccountTest" time="96.588" classname="crmframework.crmAutomation.AccountPageTest"/>
  <testcase name="TS014_VerifyStateAndRegionInGridTest" time="75.645" classname="crmframework.crmAutomation.AccountPageTest"/>
  <testcase name="TS015_VerifyNamePhoneCityInGridTest" time="147.314" classname="crmframework.crmAutomation.AccountPageTest"/>
  <testcase name="TS016_VerifySearchusingAccountNameandPhoneTest" time="97.492" classname="crmframework.crmAutomation.AccountPageTest"/>
  <testcase name="TS027_VerifyAddNewTaskFromTimelineToAccountTest" time="45.419" classname="crmframework.crmAutomation.AccountPageTest"/>
  <testcase name="TS028_VerifyCountryAutocomplete" time="51.732" classname="crmframework.crmAutomation.AccountPageTest"/>
  <testcase name="TS019_VerifyUpdateAccountInformation" time="150.247" classname="crmframework.crmAutomation.AccountPageTest"/>
  <testcase name="TS020_VerifyAddContactTest" time="65.413" classname="crmframework.crmAutomation.AccountPageTest"/>
  <testcase name="TS021_VerifyUpdateContactsFromAccountFormTest" time="168.87" classname="crmframework.crmAutomation.AccountPageTest"/>
  <testcase name="TS022_VerifyMediaSegmentationFieldTest" time="123.264" classname="crmframework.crmAutomation.AccountPageTest"/>
  <testcase name="TS023_VerifyDetailsTabOnAccountTest" time="88.087" classname="crmframework.crmAutomation.AccountPageTest"/>
  <testcase name="TS024_VerifyExportToExcelTest" time="104.538" classname="crmframework.crmAutomation.AccountPageTest">
    <failure type="java.lang.AssertionError" message="expected [true] but found [false]">
      <![CDATA[java.lang.AssertionError: expected [true] but found [false]
	at crmframework.crmAutomation.AccountPageTest.TS024_VerifyExportToExcelTest(AccountPageTest.java:1847)
... Removed 28 stack frames]]>
    </failure>
  </testcase> <!-- TS024_VerifyExportToExcelTest -->
  <testcase name="TS025_VerifyBusinessRuleForAddressTest" time="202.223" classname="crmframework.crmAutomation.AccountPageTest"/>
  <testcase name="TS026_VerifyAssociatedListsSectionTest" time="105.396" classname="crmframework.crmAutomation.AccountPageTest"/>
  <testcase name="TS017_VerifyDuplicateAccountTest" time="214.493" classname="crmframework.crmAutomation.AccountPageTest"/>
  <testcase name="TS018_VerifyDeactivateAccountTest" time="54.946" classname="crmframework.crmAutomation.AccountPageTest"/>
  <testcase name="TS029_ManualFail_VerifyAssociatedContactsAccountStatusOfDeactivatedAccountTest" time="74.93" classname="crmframework.crmAutomation.AccountPageTest">
    <failure type="java.lang.AssertionError" message="expected [true] but found [false]">
      <![CDATA[java.lang.AssertionError: expected [true] but found [false]
	at crmframework.crmAutomation.AccountPageTest.TS029_ManualFail_VerifyAssociatedContactsAccountStatusOfDeactivatedAccountTest(AccountPageTest.java:1589)
... Removed 28 stack frames]]>
    </failure>
  </testcase> <!-- TS029_ManualFail_VerifyAssociatedContactsAccountStatusOfDeactivatedAccountTest -->
</testsuite> <!-- Test -->
