<?xml version="1.0" encoding="UTF-8"?>
<!-- Generated by org.testng.reporters.JUnitXMLReporter -->
<testsuite hostname="NILAMMA-W10" name="Test" tests="3" failures="0" timestamp="19 Mar 2021 16:45:11 GMT" time="362.458" errors="0">
  <testcase name="TS001_VerifyHomePageTest" time="106.506" classname="crmframework.crmAutomation.ContactPageTest"/>
  <testcase name="TS021_VerifyGridFiltersContactTest" time="152.735" classname="crmframework.crmAutomation.ContactPageTest"/>
  <testcase name="TS022_VerifyUpdateContactDetailsTest" time="94.803" classname="crmframework.crmAutomation.ContactPageTest"/>
</testsuite> <!-- Test -->
