<?xml version="1.0" encoding="UTF-8"?>
<!-- Generated by org.testng.reporters.JUnitXMLReporter -->
<testsuite hostname="shradhama-w10" name="Test" tests="2" failures="1" timestamp="23 Mar 2021 13:54:30 GMT" time="111.235" errors="0">
  <testcase name="TS001_VerifyHomePageTest" time="94.153" classname="crmframework.crmAutomation.PeoplePageTest"/>
  <testcase name="TS002_VerifyFullNameandEIHKeyFilterForPeople" time="14.359" classname="crmframework.crmAutomation.PeoplePageTest">
    <failure type="java.lang.AssertionError" message="expected [true] but found [false]">
      <![CDATA[java.lang.AssertionError: expected [true] but found [false]
	at crmframework.crmAutomation.PeoplePageTest.TS002_VerifyFullNameandEIHKeyFilterForPeople(PeoplePageTest.java:118)
... Removed 28 stack frames]]>
    </failure>
  </testcase> <!-- TS002_VerifyFullNameandEIHKeyFilterForPeople -->
</testsuite> <!-- Test -->
