<?xml version="1.0" encoding="UTF-8"?>
<!-- Generated by org.testng.reporters.JUnitXMLReporter -->
<testsuite hostname="shradhama-w10" name="Test" tests="2" failures="0" timestamp="24 Mar 2021 12:34:42 GMT" time="232.194" errors="0">
  <testcase name="TS001_VerifyHomePageTest" time="88.097" classname="crmframework.crmAutomation.IncentivesPageTest"/>
  <testcase name="TS002_VerifyExportToExcelIncentivesTest" time="141.562" classname="crmframework.crmAutomation.IncentivesPageTest"/>
</testsuite> <!-- Test -->
