<?xml version="1.0" encoding="UTF-8"?>
<!-- Generated by org.testng.reporters.JUnitXMLReporter -->
<testsuite hostname="NILAMMA-W10" name="Test" tests="2" failures="0" timestamp="25 Mar 2021 07:02:23 GMT" time="199.702" errors="0">
  <testcase name="TS001_VerifyHomePageTest" time="113.346" classname="crmframework.crmAutomation.IncentivesPageTest"/>
  <testcase name="TS002_VerifyCreateIncentiveFromAccountTest" time="81.155" classname="crmframework.crmAutomation.IncentivesPageTest"/>
</testsuite> <!-- Test -->
