<?xml version="1.0" encoding="UTF-8"?>
<!-- Generated by org.testng.reporters.JUnitXMLReporter -->
<testsuite hostname="NILAMMA-W10" name="Test" tests="28" failures="0" timestamp="25 May 2021 12:00:55 GMT" time="9.084" errors="0">
  <testcase name="@BeforeTest initialize" time="0.0" classname="crmframework.crmAutomation.AccountPageTest">
    <failure type="java.lang.NullPointerException">
      <![CDATA[java.lang.NullPointerException
	at resources.Utility.verifyLoginFunctionality(Utility.java:41)
	at crmframework.crmAutomation.AccountPageTest.initialize(AccountPageTest.java:64)
... Removed 22 stack frames]]>
    </failure>
  </testcase> <!-- @BeforeTest initialize -->
  <testcase name="TS002_VerifyCreateNewAccountTest" time="0.016" classname="crmframework.crmAutomation.AccountPageTest">
    <skipped/>
  </testcase> <!-- TS002_VerifyCreateNewAccountTest -->
  <testcase name="TS003_VerifyAddAppointmentToAccountTest" time="0.009" classname="crmframework.crmAutomation.AccountPageTest">
    <skipped/>
  </testcase> <!-- TS003_VerifyAddAppointmentToAccountTest -->
  <testcase name="TS004_VerifyAddMarketingRelationshipOwnerToAccountTest" time="0.003" classname="crmframework.crmAutomation.AccountPageTest">
    <skipped/>
  </testcase> <!-- TS004_VerifyAddMarketingRelationshipOwnerToAccountTest -->
  <testcase name="TS005_VerifySearchAccountTest" time="0.004" classname="crmframework.crmAutomation.AccountPageTest">
    <skipped/>
  </testcase> <!-- TS005_VerifySearchAccountTest -->
  <testcase name="TS006_VerifyAuditHistoryTabOnAccountTest" time="0.004" classname="crmframework.crmAutomation.AccountPageTest">
    <skipped/>
  </testcase> <!-- TS006_VerifyAuditHistoryTabOnAccountTest -->
  <testcase name="TS007_VerifyParentAccountTest" time="0.003" classname="crmframework.crmAutomation.AccountPageTest">
    <skipped/>
  </testcase> <!-- TS007_VerifyParentAccountTest -->
  <testcase name="TS008_VerifyAccountStatusToActivateAccountTest" time="0.004" classname="crmframework.crmAutomation.AccountPageTest">
    <skipped/>
  </testcase> <!-- TS008_VerifyAccountStatusToActivateAccountTest -->
  <testcase name="TS009_VerifyAccountStatusToDeactivateAccountTest" time="0.003" classname="crmframework.crmAutomation.AccountPageTest">
    <skipped/>
  </testcase> <!-- TS009_VerifyAccountStatusToDeactivateAccountTest -->
  <testcase name="TS010_VerifyBusinessRuleForPhoneNumberTest" time="0.01" classname="crmframework.crmAutomation.AccountPageTest">
    <skipped/>
  </testcase> <!-- TS010_VerifyBusinessRuleForPhoneNumberTest -->
  <testcase name="TS011_VerifyAddNoteToAccountTest" time="0.006" classname="crmframework.crmAutomation.AccountPageTest">
    <skipped/>
  </testcase> <!-- TS011_VerifyAddNoteToAccountTest -->
  <testcase name="TS012_VerifyAddNewPostToAccountTest" time="0.003" classname="crmframework.crmAutomation.AccountPageTest">
    <skipped/>
  </testcase> <!-- TS012_VerifyAddNewPostToAccountTest -->
  <testcase name="TS013_VerifyPhoneCallOnAccountTest" time="0.003" classname="crmframework.crmAutomation.AccountPageTest">
    <skipped/>
  </testcase> <!-- TS013_VerifyPhoneCallOnAccountTest -->
  <testcase name="TS014_VerifyStateAndRegionInGridTest" time="0.003" classname="crmframework.crmAutomation.AccountPageTest">
    <skipped/>
  </testcase> <!-- TS014_VerifyStateAndRegionInGridTest -->
  <testcase name="TS015_VerifyNamePhoneCityInGridTest" time="0.004" classname="crmframework.crmAutomation.AccountPageTest">
    <skipped/>
  </testcase> <!-- TS015_VerifyNamePhoneCityInGridTest -->
  <testcase name="TS016_VerifySearchusingAccountNameandPhoneTest" time="0.003" classname="crmframework.crmAutomation.AccountPageTest">
    <skipped/>
  </testcase> <!-- TS016_VerifySearchusingAccountNameandPhoneTest -->
  <testcase name="TS027_VerifyAddNewTaskFromTimelineToAccountTest" time="0.005" classname="crmframework.crmAutomation.AccountPageTest">
    <skipped/>
  </testcase> <!-- TS027_VerifyAddNewTaskFromTimelineToAccountTest -->
  <testcase name="TS028_VerifyCountryAutocomplete" time="0.002" classname="crmframework.crmAutomation.AccountPageTest">
    <skipped/>
  </testcase> <!-- TS028_VerifyCountryAutocomplete -->
  <testcase name="TS019_VerifyUpdateAccountInformation" time="0.001" classname="crmframework.crmAutomation.AccountPageTest">
    <skipped/>
  </testcase> <!-- TS019_VerifyUpdateAccountInformation -->
  <testcase name="TS020_VerifyAddContactTest" time="0.001" classname="crmframework.crmAutomation.AccountPageTest">
    <skipped/>
  </testcase> <!-- TS020_VerifyAddContactTest -->
  <testcase name="TS021_VerifyUpdateContactsFromAccountFormTest" time="0.005" classname="crmframework.crmAutomation.AccountPageTest">
    <skipped/>
  </testcase> <!-- TS021_VerifyUpdateContactsFromAccountFormTest -->
  <testcase name="TS022_VerifyMediaSegmentationFieldTest" time="0.003" classname="crmframework.crmAutomation.AccountPageTest">
    <skipped/>
  </testcase> <!-- TS022_VerifyMediaSegmentationFieldTest -->
  <testcase name="TS023_VerifyDetailsTabOnAccountTest" time="0.004" classname="crmframework.crmAutomation.AccountPageTest">
    <skipped/>
  </testcase> <!-- TS023_VerifyDetailsTabOnAccountTest -->
  <testcase name="TS024_VerifyExportToExcelTest" time="0.002" classname="crmframework.crmAutomation.AccountPageTest">
    <skipped/>
  </testcase> <!-- TS024_VerifyExportToExcelTest -->
  <testcase name="TS025_VerifyBusinessRuleForAddressTest" time="0.003" classname="crmframework.crmAutomation.AccountPageTest">
    <skipped/>
  </testcase> <!-- TS025_VerifyBusinessRuleForAddressTest -->
  <testcase name="TS026_VerifyAssociatedListsSectionTest" time="0.003" classname="crmframework.crmAutomation.AccountPageTest">
    <skipped/>
  </testcase> <!-- TS026_VerifyAssociatedListsSectionTest -->
  <testcase name="TS017_VerifyDuplicateAccountTest" time="0.007" classname="crmframework.crmAutomation.AccountPageTest">
    <skipped/>
  </testcase> <!-- TS017_VerifyDuplicateAccountTest -->
  <testcase name="TS018_VerifyDeactivateAccountTest" time="0.003" classname="crmframework.crmAutomation.AccountPageTest">
    <skipped/>
  </testcase> <!-- TS018_VerifyDeactivateAccountTest -->
  <testcase name="TS029_ManualFail_VerifyAssociatedContactsAccountStatusOfDeactivatedAccountTest" time="0.002" classname="crmframework.crmAutomation.AccountPageTest">
    <skipped/>
  </testcase> <!-- TS029_ManualFail_VerifyAssociatedContactsAccountStatusOfDeactivatedAccountTest -->
</testsuite> <!-- Test -->
