<?xml version="1.0" encoding="UTF-8"?>
<!-- Generated by org.testng.reporters.JUnitXMLReporter -->
<testsuite hostname="shradhama-w10" name="Test" tests="2" failures="1" timestamp="15 Apr 2021 02:14:05 GMT" time="178.873" errors="0">
  <testcase name="TS001_VerifyHomePageTest" time="126.107" classname="crmframework.crmAutomation.ListManagementPageTest"/>
  <testcase name="TS004_VerifyListMembersRemovedViewTest" time="31.278" classname="crmframework.crmAutomation.ListManagementPageTest">
    <failure type="org.openqa.selenium.TimeoutException" message="Expected condition failed: waiting for element to be clickable: By.xpath: //div[@data-id = &amp;apos;GridRoot&amp;apos;]/div[1]/div[2]/div[1]/section[1]/div[2]/div[1]/div[1]/div[1]/div[1]/h1[1] (tried for 15 second(s) with 500 MILLISECONDS interval)">
      <![CDATA[org.openqa.selenium.TimeoutException: Expected condition failed: waiting for element to be clickable: By.xpath: //div[@data-id = 'GridRoot']/div[1]/div[2]/div[1]/section[1]/div[2]/div[1]/div[1]/div[1]/div[1]/h1[1] (tried for 15 second(s) with 500 MILLISECONDS interval)
	at org.openqa.selenium.support.ui.WebDriverWait.timeoutException(WebDriverWait.java:80)
	at org.openqa.selenium.support.ui.FluentWait.until(FluentWait.java:232)
	at pageObjects.CRMIncentiveDetailsPage.getclickarrowforactiveincentive(CRMIncentiveDetailsPage.java:172)
	at crmframework.crmAutomation.ListManagementPageTest.TS004_VerifyListMembersRemovedViewTest(ListManagementPageTest.java:313)
Caused by: org.openqa.selenium.NoSuchElementException: Cannot locate an element using By.xpath: //div[@data-id = 'GridRoot']/div[1]/div[2]/div[1]/section[1]/div[2]/div[1]/div[1]/div[1]/div[1]/h1[1]
For documentation on this error, please visit: http://seleniumhq.org/exceptions/no_such_element.html
Build info: version: '3.4.0', revision: 'unknown', time: 'unknown'
System info: host: 'SHRADHAMA-W10', ip: '172.27.182.74', os.name: 'Windows 10', os.arch: 'amd64', os.version: '10.0', java.version: '1.8.0_161'
Driver info: driver.version: unknown
	at org.openqa.selenium.support.ui.ExpectedConditions.lambda$findElement$0(ExpectedConditions.java:883)
	at java.util.Optional.orElseThrow(Unknown Source)
	at org.openqa.selenium.support.ui.ExpectedConditions.findElement(ExpectedConditions.java:882)
	at org.openqa.selenium.support.ui.ExpectedConditions.access$000(ExpectedConditions.java:44)
	at org.openqa.selenium.support.ui.ExpectedConditions$7.apply(ExpectedConditions.java:206)
	at org.openqa.selenium.support.ui.ExpectedConditions$7.apply(ExpectedConditions.java:202)
	at org.openqa.selenium.support.ui.ExpectedConditions$22.apply(ExpectedConditions.java:644)
	at org.openqa.selenium.support.ui.ExpectedConditions$22.apply(ExpectedConditions.java:641)
	at org.openqa.selenium.support.ui.FluentWait.until(FluentWait.java:209)
	... 26 more
... Removed 24 stack frames]]>
    </failure>
  </testcase> <!-- TS004_VerifyListMembersRemovedViewTest -->
</testsuite> <!-- Test -->
