<?xml version="1.0" encoding="UTF-8"?>
<!-- Generated by org.testng.reporters.JUnitXMLReporter -->
<testsuite hostname="shradhama-w10" name="Test" tests="2" failures="0" timestamp="15 Mar 2021 06:39:45 GMT" time="148.961" errors="0">
  <testcase name="TS001_VerifyHomePageTest" time="90.036" classname="crmframework.crmAutomation.ContactPageTest"/>
  <testcase name="TS010_VerifyGroupByOptionsContactTest" time="55.293" classname="crmframework.crmAutomation.ContactPageTest"/>
</testsuite> <!-- Test -->
