<?xml version="1.0" encoding="UTF-8"?>
<!-- Generated by org.testng.reporters.JUnitXMLReporter -->
<testsuite hostname="NILAMMA-W10" name="Test" tests="2" failures="0" timestamp="27 Apr 2021 13:06:05 GMT" time="195.64" errors="0">
  <testcase name="TS001_VerifyHomePageTest" time="121.907" classname="crmframework.crmAutomation.ReferenceDataPageTest"/>
  <testcase name="TS007_VerifySearchMarketsTest" time="66.0" classname="crmframework.crmAutomation.ReferenceDataPageTest"/>
</testsuite> <!-- Test -->
