<?xml version="1.0" encoding="UTF-8"?>
<!-- Generated by org.testng.reporters.JUnitXMLReporter -->
<testsuite hostname="shradhama-w10" name="Test" tests="1" failures="1" timestamp="17 Jun 2021 09:39:56 GMT" time="293.341" errors="0">
  <testcase name="TS017_VerifyStatusReasonAtContactAndAccount" time="180.295" classname="crmframework.crmAutomation.CAB256PageTest">
    <failure type="java.lang.AssertionError" message="expected [Out of Business] but found [Active]">
      <![CDATA[java.lang.AssertionError: expected [Out of Business] but found [Active]
	at crmframework.crmAutomation.CAB256PageTest.TS017_VerifyStatusReasonAtContactAndAccount(CAB256PageTest.java:1055)
... Removed 29 stack frames]]>
    </failure>
  </testcase> <!-- TS017_VerifyStatusReasonAtContactAndAccount -->
</testsuite> <!-- Test -->
