<?xml version="1.0" encoding="UTF-8"?>
<testng-results skipped="0" failed="0" total="2" passed="2">
  <reporter-output>
  </reporter-output>
  <suite name="Suite" duration-ms="157983" started-at="2021-04-20T07:56:26Z" finished-at="2021-04-20T07:59:04Z">
    <groups>
    </groups>
    <test name="Test" duration-ms="157983" started-at="2021-04-20T07:56:26Z" finished-at="2021-04-20T07:59:04Z">
      <class name="crmframework.crmAutomation.DashboardPageTest">
        <test-method status="PASS" signature="initialize()[pri:0, instance:crmframework.crmAutomation.DashboardPageTest@59fa1d9b]" name="initialize" is-config="true" duration-ms="20178" started-at="2021-04-20T13:26:26Z" finished-at="2021-04-20T13:26:47Z">
          <reporter-output>
          </reporter-output>
        </test-method> <!-- initialize -->
        <test-method status="PASS" signature="TS001_VerifyHomePageTest()[pri:0, instance:crmframework.crmAutomation.DashboardPageTest@59fa1d9b]" name="TS001_VerifyHomePageTest" duration-ms="114773" started-at="2021-04-20T13:26:47Z" finished-at="2021-04-20T13:28:42Z">
          <reporter-output>
          </reporter-output>
        </test-method> <!-- TS001_VerifyHomePageTest -->
        <test-method status="PASS" signature="TS002_VerifyRetailRelationManagerDashboardView()[pri:0, instance:crmframework.crmAutomation.DashboardPageTest@59fa1d9b]" name="TS002_VerifyRetailRelationManagerDashboardView" duration-ms="22571" started-at="2021-04-20T13:28:42Z" finished-at="2021-04-20T13:29:04Z">
          <reporter-output>
          </reporter-output>
        </test-method> <!-- TS002_VerifyRetailRelationManagerDashboardView -->
      </class> <!-- crmframework.crmAutomation.DashboardPageTest -->
    </test> <!-- Test -->
  </suite> <!-- Suite -->
</testng-results>
