<?xml version="1.0" encoding="UTF-8"?>
<testng-results skipped="0" failed="0" total="3" passed="3">
  <reporter-output>
  </reporter-output>
  <suite name="Suite" duration-ms="362458" started-at="2021-03-19T16:39:05Z" finished-at="2021-03-19T16:45:08Z">
    <groups>
    </groups>
    <test name="Test" duration-ms="362458" started-at="2021-03-19T16:39:05Z" finished-at="2021-03-19T16:45:08Z">
      <class name="crmframework.crmAutomation.ContactPageTest">
        <test-method status="PASS" signature="initialize()[pri:0, instance:crmframework.crmAutomation.ContactPageTest@3ffc5af1]" name="initialize" is-config="true" duration-ms="8316" started-at="2021-03-19T22:09:05Z" finished-at="2021-03-19T22:09:13Z">
          <reporter-output>
          </reporter-output>
        </test-method> <!-- initialize -->
        <test-method status="PASS" signature="TS001_VerifyHomePageTest()[pri:0, instance:crmframework.crmAutomation.ContactPageTest@3ffc5af1]" name="TS001_VerifyHomePageTest" duration-ms="106506" started-at="2021-03-19T22:09:13Z" finished-at="2021-03-19T22:11:00Z">
          <reporter-output>
          </reporter-output>
        </test-method> <!-- TS001_VerifyHomePageTest -->
        <test-method status="PASS" signature="TS021_VerifyGridFiltersContactTest()[pri:0, instance:crmframework.crmAutomation.ContactPageTest@3ffc5af1]" name="TS021_VerifyGridFiltersContactTest" duration-ms="152735" started-at="2021-03-19T22:11:00Z" finished-at="2021-03-19T22:13:33Z">
          <reporter-output>
          </reporter-output>
        </test-method> <!-- TS021_VerifyGridFiltersContactTest -->
        <test-method status="PASS" signature="TS022_VerifyUpdateContactDetailsTest()[pri:0, instance:crmframework.crmAutomation.ContactPageTest@3ffc5af1]" name="TS022_VerifyUpdateContactDetailsTest" duration-ms="94803" started-at="2021-03-19T22:13:33Z" finished-at="2021-03-19T22:15:08Z">
          <reporter-output>
          </reporter-output>
        </test-method> <!-- TS022_VerifyUpdateContactDetailsTest -->
      </class> <!-- crmframework.crmAutomation.ContactPageTest -->
    </test> <!-- Test -->
  </suite> <!-- Suite -->
</testng-results>
